2019-10-03 16:38:10,248 [INFO] Activator:176 - 


2019-10-03 16:38:10,253 [INFO] Activator:177 - !SESSION log4j initialized
2019-10-03 16:38:17,941 [INFO] ApplicationProperties:181 - Using Application install path: C:\ST\STM32CubeIDE_1.0.0\STM32CubeIDE\plugins\com.st.stm32cube.common.mx_5.3.0.201907110903
2019-10-03 16:38:17,973 [INFO] DbMcusXml:68 - Set database path to: C:\ST\STM32CubeIDE_1.0.0\STM32CubeIDE\plugins\com.st.stm32cube.common.mx_5.3.0.201907110903\\db\/mcu/
2019-10-03 16:38:17,981 [INFO] DbBoardsPdsc:54 - Set plugin database path to: C:\ST\STM32CubeIDE_1.0.0\STM32CubeIDE\plugins\com.st.stm32cube.common.mx_5.3.0.201907110903\\db\/plugins/boardmanager/
2019-10-03 16:38:17,981 [INFO] DbMcus:264 - Set plugin images path to: C:\ST\STM32CubeIDE_1.0.0\STM32CubeIDE\plugins\com.st.stm32cube.common.mx_5.3.0.201907110903\\db\/plugins/mcufinder/images/
2019-10-03 16:38:17,983 [INFO] DbBoards:232 - Set plugin images path to: C:\ST\STM32CubeIDE_1.0.0\STM32CubeIDE\plugins\com.st.stm32cube.common.mx_5.3.0.201907110903\\db\/plugins/mcufinder/images/
2019-10-03 16:38:17,988 [INFO] APIGFXSelector:72 - Set database path to: C:\ST\STM32CubeIDE_1.0.0\STM32CubeIDE\plugins\com.st.stm32cube.common.mx_5.3.0.201907110903\\db\/plugins/mcufinder/mcu/
2019-10-03 16:38:18,417 [INFO] DbMcusAds:72 - Set database path to: C:\Users\trung\.stmcufinder\plugins\mcufinder//mcu/
2019-10-03 16:38:18,419 [INFO] DbMcusDocs:92 - Set database path to: C:\Users\trung\.stmcufinder\plugins\mcufinder//mcu/
2019-10-03 16:38:18,423 [INFO] DbMcusJson:59 - Set database path to: C:\Users\trung\.stmcufinder\plugins\mcufinder//mcu/
2019-10-03 16:38:18,424 [INFO] DbBoardsDocs:84 - Set database path to: C:\Users\trung\.stmcufinder\plugins\mcufinder//mcu/
2019-10-03 16:38:18,426 [INFO] DbBoardsJson:51 - Set database path to: C:\Users\trung\.stmcufinder\plugins\mcufinder//mcu/
2019-10-03 16:38:19,205 [INFO] CrossReferenceDbSqlite:197 - Set database path to: C:\Users\trung\.stmcufinder\plugins\mcufinder//mcu/cs/
2019-10-03 16:38:19,434 [INFO] RulesReader:52 - Compatibility file has been processed (156 Rules)
2019-10-03 16:38:20,105 [INFO] MicroXplorer:521 - Detected Java Version = 1.8.0_202
2019-10-03 16:38:20,105 [INFO] DbMcusXml:68 - Set database path to: C:\ST\STM32CubeIDE_1.0.0\STM32CubeIDE\plugins\com.st.stm32cube.common.mx_5.3.0.201907110903\\db\/mcu/
2019-10-03 16:38:20,106 [INFO] DbBoardsPdsc:54 - Set plugin database path to: C:\ST\STM32CubeIDE_1.0.0\STM32CubeIDE\plugins\com.st.stm32cube.common.mx_5.3.0.201907110903\\db\/plugins/boardmanager/
2019-10-03 16:38:20,108 [INFO] DbMcus:264 - Set plugin images path to: C:\ST\STM32CubeIDE_1.0.0\STM32CubeIDE\plugins\com.st.stm32cube.common.mx_5.3.0.201907110903\\db\/plugins/mcufinder/images/
2019-10-03 16:38:20,109 [INFO] DbBoards:232 - Set plugin images path to: C:\ST\STM32CubeIDE_1.0.0\STM32CubeIDE\plugins\com.st.stm32cube.common.mx_5.3.0.201907110903\\db\/plugins/mcufinder/images/
2019-10-03 16:38:20,109 [INFO] APIGFXSelector:72 - Set database path to: C:\ST\STM32CubeIDE_1.0.0\STM32CubeIDE\plugins\com.st.stm32cube.common.mx_5.3.0.201907110903\\db\/plugins/mcufinder/mcu/
2019-10-03 16:38:20,110 [WARN] DbFile:31 - Overriding database path with different value: C:\Users\trung\.stmcufinder\plugins\mcufinder/ => C:\Users\trung\.stmcufinder\plugins\mcufinder
2019-10-03 16:38:20,111 [INFO] DbMcusAds:72 - Set database path to: C:\Users\trung\.stmcufinder\plugins\mcufinder//mcu/
2019-10-03 16:38:20,111 [WARN] DbFile:31 - Overriding database path with different value: C:\Users\trung\.stmcufinder\plugins\mcufinder/ => C:\Users\trung\.stmcufinder\plugins\mcufinder
2019-10-03 16:38:20,111 [INFO] DbMcusDocs:92 - Set database path to: C:\Users\trung\.stmcufinder\plugins\mcufinder//mcu/
2019-10-03 16:38:20,112 [WARN] DbFile:31 - Overriding database path with different value: C:\Users\trung\.stmcufinder\plugins\mcufinder/ => C:\Users\trung\.stmcufinder\plugins\mcufinder
2019-10-03 16:38:20,112 [INFO] DbMcusJson:59 - Set database path to: C:\Users\trung\.stmcufinder\plugins\mcufinder//mcu/
2019-10-03 16:38:20,112 [WARN] DbFile:31 - Overriding database path with different value: C:\Users\trung\.stmcufinder\plugins\mcufinder/ => C:\Users\trung\.stmcufinder\plugins\mcufinder
2019-10-03 16:38:20,112 [INFO] DbBoardsDocs:84 - Set database path to: C:\Users\trung\.stmcufinder\plugins\mcufinder//mcu/
2019-10-03 16:38:20,113 [WARN] DbFile:31 - Overriding database path with different value: C:\Users\trung\.stmcufinder\plugins\mcufinder/ => C:\Users\trung\.stmcufinder\plugins\mcufinder
2019-10-03 16:38:20,113 [INFO] DbBoardsJson:51 - Set database path to: C:\Users\trung\.stmcufinder\plugins\mcufinder//mcu/
2019-10-03 16:38:20,113 [WARN] DbFile:31 - Overriding database path with different value: C:\Users\trung\.stmcufinder\plugins\mcufinder/ => C:\Users\trung\.stmcufinder\plugins\mcufinder
2019-10-03 16:38:20,114 [WARN] DbFile:31 - Overriding database path with different value: C:\Users\trung\.stmcufinder\plugins\mcufinder/ => C:\Users\trung\.stmcufinder\plugins\mcufinder
2019-10-03 16:38:20,706 [INFO] CrossReferenceDbSqlite:197 - Set database path to: C:\Users\trung\.stmcufinder\plugins\mcufinder//mcu/cs/
2019-10-03 16:38:20,898 [INFO] MainPanel:211 - HeapMemory: 304087040
2019-10-03 16:38:21,060 [INFO] DbMcusXml:68 - Set database path to: C:\ST\STM32CubeIDE_1.0.0\STM32CubeIDE\plugins\com.st.stm32cube.common.mx_5.3.0.201907110903\\db\/mcu/
2019-10-03 16:38:21,060 [INFO] DbBoardsPdsc:54 - Set plugin database path to: C:\ST\STM32CubeIDE_1.0.0\STM32CubeIDE\plugins\com.st.stm32cube.common.mx_5.3.0.201907110903\\db\/plugins/boardmanager/
2019-10-03 16:38:21,061 [INFO] DbMcus:264 - Set plugin images path to: C:\ST\STM32CubeIDE_1.0.0\STM32CubeIDE\plugins\com.st.stm32cube.common.mx_5.3.0.201907110903\\db\/plugins/mcufinder/images/
2019-10-03 16:38:21,061 [INFO] DbBoards:232 - Set plugin images path to: C:\ST\STM32CubeIDE_1.0.0\STM32CubeIDE\plugins\com.st.stm32cube.common.mx_5.3.0.201907110903\\db\/plugins/mcufinder/images/
2019-10-03 16:38:21,061 [INFO] APIGFXSelector:72 - Set database path to: C:\ST\STM32CubeIDE_1.0.0\STM32CubeIDE\plugins\com.st.stm32cube.common.mx_5.3.0.201907110903\\db\/plugins/mcufinder/mcu/
2019-10-03 16:38:21,062 [WARN] DbFile:31 - Overriding database path with different value: C:\Users\trung\.stmcufinder\plugins\mcufinder/ => C:\Users\trung\.stmcufinder\plugins\mcufinder
2019-10-03 16:38:21,063 [INFO] DbMcusAds:72 - Set database path to: C:\Users\trung\.stmcufinder\plugins\mcufinder//mcu/
2019-10-03 16:38:21,063 [WARN] DbFile:31 - Overriding database path with different value: C:\Users\trung\.stmcufinder\plugins\mcufinder/ => C:\Users\trung\.stmcufinder\plugins\mcufinder
2019-10-03 16:38:21,063 [INFO] DbMcusDocs:92 - Set database path to: C:\Users\trung\.stmcufinder\plugins\mcufinder//mcu/
2019-10-03 16:38:21,064 [WARN] DbFile:31 - Overriding database path with different value: C:\Users\trung\.stmcufinder\plugins\mcufinder/ => C:\Users\trung\.stmcufinder\plugins\mcufinder
2019-10-03 16:38:21,064 [INFO] DbMcusJson:59 - Set database path to: C:\Users\trung\.stmcufinder\plugins\mcufinder//mcu/
2019-10-03 16:38:21,064 [WARN] DbFile:31 - Overriding database path with different value: C:\Users\trung\.stmcufinder\plugins\mcufinder/ => C:\Users\trung\.stmcufinder\plugins\mcufinder
2019-10-03 16:38:21,064 [INFO] DbBoardsDocs:84 - Set database path to: C:\Users\trung\.stmcufinder\plugins\mcufinder//mcu/
2019-10-03 16:38:21,064 [WARN] DbFile:31 - Overriding database path with different value: C:\Users\trung\.stmcufinder\plugins\mcufinder/ => C:\Users\trung\.stmcufinder\plugins\mcufinder
2019-10-03 16:38:21,065 [INFO] DbBoardsJson:51 - Set database path to: C:\Users\trung\.stmcufinder\plugins\mcufinder//mcu/
2019-10-03 16:38:21,065 [WARN] DbFile:31 - Overriding database path with different value: C:\Users\trung\.stmcufinder\plugins\mcufinder/ => C:\Users\trung\.stmcufinder\plugins\mcufinder
2019-10-03 16:38:21,065 [WARN] DbFile:31 - Overriding database path with different value: C:\Users\trung\.stmcufinder\plugins\mcufinder/ => C:\Users\trung\.stmcufinder\plugins\mcufinder
2019-10-03 16:38:21,705 [INFO] CrossReferenceDbSqlite:197 - Set database path to: C:\Users\trung\.stmcufinder\plugins\mcufinder//mcu/cs/
2019-10-03 16:38:21,773 [INFO] ApplicationProperties:181 - Using Application install path: C:\ST\STM32CubeIDE_1.0.0\STM32CubeIDE\plugins\com.st.stm32cube.common.mx_5.3.0.201907110903
2019-10-03 16:38:21,775 [INFO] PluginManage:178 - Search for loadable plugins [exclusion list=]
2019-10-03 16:38:21,778 [INFO] PluginManage:292 - Check plugin analytics
2019-10-03 16:38:21,826 [INFO] PluginManage:342 - Loaded plugin analytics (category:tool,tabindex:-1)
2019-10-03 16:38:21,827 [INFO] PluginManage:292 - Check plugin clock
2019-10-03 16:38:21,875 [INFO] PluginManage:342 - Loaded plugin clock (category:base,tabindex:2)
2019-10-03 16:38:21,876 [INFO] PluginManage:292 - Check plugin ddr
2019-10-03 16:38:21,881 [INFO] PluginManage:342 - Loaded plugin ddr (category:tool,tabindex:6)
2019-10-03 16:38:21,882 [INFO] PluginManage:292 - Check plugin filemanager
2019-10-03 16:38:22,231 [INFO] PluginManage:342 - Loaded plugin filemanager (category:base,tabindex:10)
2019-10-03 16:38:22,231 [INFO] PluginManage:292 - Check plugin ipmanager
2019-10-03 16:38:22,265 [INFO] PluginManage:342 - Loaded plugin ipmanager (category:base,tabindex:5)
2019-10-03 16:38:22,265 [INFO] PluginManage:292 - Check plugin pinoutandconfiguration
2019-10-03 16:38:23,459 [INFO] PluginManage:342 - Loaded plugin pinoutandconfiguration (category:base,tabindex:1)
2019-10-03 16:38:23,459 [INFO] PluginManage:292 - Check plugin pinoutconfig
2019-10-03 16:38:24,309 [INFO] PluginManage:342 - Loaded plugin pinoutconfig (category:base,tabindex:0)
2019-10-03 16:38:24,310 [INFO] PluginManage:292 - Check plugin power
2019-10-03 16:38:24,355 [INFO] PluginManage:342 - Loaded plugin power (category:power,tabindex:4)
2019-10-03 16:38:24,355 [INFO] PluginManage:292 - Check plugin projectmanager
2019-10-03 16:38:24,388 [INFO] PluginManage:342 - Loaded plugin projectmanager (category:projectmanager,tabindex:3)
2019-10-03 16:38:24,388 [INFO] PluginManage:292 - Check plugin thirdparty
2019-10-03 16:38:24,500 [INFO] ThirdPartyDb:294 - Open Third Party DataBase File (C:/Users/trung/.stm32cubemx/plugins/thirdparty/db/thirdparties_db.xml) : 1 ms. number of Sw pack : 0
2019-10-03 16:38:24,530 [INFO] PluginManage:342 - Loaded plugin thirdparty (category:base,tabindex:-1)
2019-10-03 16:38:24,531 [INFO] PluginManage:292 - Check plugin tools
2019-10-03 16:38:24,613 [INFO] PluginManage:342 - Loaded plugin tools (category:base,tabindex:7)
2019-10-03 16:38:24,614 [INFO] PluginManage:292 - Check plugin updater
2019-10-03 16:38:24,641 [INFO] PluginManage:342 - Loaded plugin updater (category:base,tabindex:12)
2019-10-03 16:38:24,642 [INFO] PluginManage:265 - PluginManage : Loaded plugins [12]
2019-10-03 16:38:25,051 [INFO] PinOutPanel:1367 - setPackage(No Configuration,No Configuration)
2019-10-03 16:38:25,497 [INFO] IPUIPlugin:63 - create IPUIPlugin
2019-10-03 16:38:25,497 [INFO] PluginManager:200 - loadIPPluginJar : add adc
2019-10-03 16:38:25,584 [INFO] IPUIPlugin:63 - create IPUIPlugin
2019-10-03 16:38:25,585 [INFO] PluginManager:200 - loadIPPluginJar : add aes
2019-10-03 16:38:25,793 [INFO] IPUIPlugin:63 - create IPUIPlugin
2019-10-03 16:38:25,793 [INFO] PluginManager:200 - loadIPPluginJar : add can
2019-10-03 16:38:25,847 [INFO] IPUIPlugin:63 - create IPUIPlugin
2019-10-03 16:38:25,848 [INFO] PluginManager:200 - loadIPPluginJar : add comp
2019-10-03 16:38:25,929 [INFO] IPUIPlugin:63 - create IPUIPlugin
2019-10-03 16:38:25,930 [INFO] PluginManager:200 - loadIPPluginJar : add cryp
2019-10-03 16:38:26,016 [INFO] IPUIPlugin:63 - create IPUIPlugin
2019-10-03 16:38:26,017 [INFO] PluginManager:200 - loadIPPluginJar : add dfsdm
2019-10-03 16:38:26,971 [INFO] IPUIPlugin:63 - create IPUIPlugin
2019-10-03 16:38:26,972 [INFO] PluginManager:200 - loadIPPluginJar : add dma
2019-10-03 16:38:27,136 [INFO] IPUIPlugin:63 - create IPUIPlugin
2019-10-03 16:38:27,137 [INFO] PluginManager:200 - loadIPPluginJar : add fatfs
2019-10-03 16:38:27,485 [INFO] IPUIPlugin:63 - create IPUIPlugin
2019-10-03 16:38:27,486 [INFO] PluginManager:200 - loadIPPluginJar : add fmc
2019-10-03 16:38:29,382 [INFO] IPUIPlugin:63 - create IPUIPlugin
2019-10-03 16:38:29,383 [INFO] PluginManager:200 - loadIPPluginJar : add freertos
2019-10-03 16:38:29,435 [INFO] IPUIPlugin:63 - create IPUIPlugin
2019-10-03 16:38:29,437 [INFO] PluginManager:200 - loadIPPluginJar : add genericplugin
2019-10-03 16:38:29,763 [INFO] IPUIPlugin:63 - create IPUIPlugin
2019-10-03 16:38:29,763 [INFO] PluginManager:200 - loadIPPluginJar : add gfxmmu
2019-10-03 16:38:30,191 [INFO] IPUIPlugin:63 - create IPUIPlugin
2019-10-03 16:38:30,192 [INFO] PluginManager:200 - loadIPPluginJar : add gfxsimulator
2019-10-03 16:38:30,625 [INFO] IPUIPlugin:63 - create IPUIPlugin
2019-10-03 16:38:30,626 [INFO] PluginManager:200 - loadIPPluginJar : add gic
2019-10-03 16:38:30,904 [INFO] IPUIPlugin:63 - create IPUIPlugin
2019-10-03 16:38:30,905 [INFO] PluginManager:200 - loadIPPluginJar : add gpio
2019-10-03 16:38:30,976 [INFO] IPUIPlugin:63 - create IPUIPlugin
2019-10-03 16:38:30,977 [INFO] PluginManager:200 - loadIPPluginJar : add hash
2019-10-03 16:38:31,136 [INFO] IPUIPlugin:63 - create IPUIPlugin
2019-10-03 16:38:31,137 [INFO] PluginManager:200 - loadIPPluginJar : add i2c
2019-10-03 16:38:31,212 [INFO] IPUIPlugin:63 - create IPUIPlugin
2019-10-03 16:38:31,212 [INFO] PluginManager:200 - loadIPPluginJar : add i2s
2019-10-03 16:38:31,577 [INFO] IPUIPlugin:63 - create IPUIPlugin
2019-10-03 16:38:31,577 [INFO] PluginManager:200 - loadIPPluginJar : add ipddr
2019-10-03 16:38:31,632 [INFO] IPUIPlugin:63 - create IPUIPlugin
2019-10-03 16:38:31,633 [INFO] PluginManager:200 - loadIPPluginJar : add ltdc
2019-10-03 16:38:31,826 [INFO] IPUIPlugin:63 - create IPUIPlugin
2019-10-03 16:38:31,827 [INFO] PluginManager:200 - loadIPPluginJar : add mdma
2019-10-03 16:38:32,025 [INFO] IPUIPlugin:63 - create IPUIPlugin
2019-10-03 16:38:32,025 [INFO] PluginManager:200 - loadIPPluginJar : add nvic
2019-10-03 16:38:32,095 [INFO] IPUIPlugin:63 - create IPUIPlugin
2019-10-03 16:38:32,096 [INFO] PluginManager:200 - loadIPPluginJar : add opamp
2019-10-03 16:38:32,196 [INFO] IPUIPlugin:63 - create IPUIPlugin
2019-10-03 16:38:32,197 [INFO] PluginManager:200 - loadIPPluginJar : add pdm2pcm
2019-10-03 16:38:32,358 [INFO] IPUIPlugin:63 - create IPUIPlugin
2019-10-03 16:38:32,363 [INFO] PluginManager:200 - loadIPPluginJar : add plateformsettings
2019-10-03 16:38:32,398 [INFO] IPUIPlugin:63 - create IPUIPlugin
2019-10-03 16:38:32,398 [INFO] PluginManager:200 - loadIPPluginJar : add quadspi
2019-10-03 16:38:33,264 [INFO] IPUIPlugin:63 - create IPUIPlugin
2019-10-03 16:38:33,264 [INFO] PluginManager:200 - loadIPPluginJar : add resmgrutility
2019-10-03 16:38:33,424 [INFO] IPUIPlugin:63 - create IPUIPlugin
2019-10-03 16:38:33,424 [INFO] PluginManager:200 - loadIPPluginJar : add sai
2019-10-03 16:38:33,476 [INFO] IPUIPlugin:63 - create IPUIPlugin
2019-10-03 16:38:33,477 [INFO] PluginManager:200 - loadIPPluginJar : add spi
2019-10-03 16:38:33,546 [INFO] IPUIPlugin:63 - create IPUIPlugin
2019-10-03 16:38:33,546 [INFO] PluginManager:200 - loadIPPluginJar : add stm32_wpan
2019-10-03 16:38:33,576 [INFO] IPUIPlugin:63 - create IPUIPlugin
2019-10-03 16:38:33,576 [INFO] PluginManager:200 - loadIPPluginJar : add tim
2019-10-03 16:38:33,731 [INFO] IPUIPlugin:63 - create IPUIPlugin
2019-10-03 16:38:33,731 [INFO] PluginManager:200 - loadIPPluginJar : add touchsensing
2019-10-03 16:38:33,759 [INFO] IPUIPlugin:63 - create IPUIPlugin
2019-10-03 16:38:33,759 [INFO] PluginManager:200 - loadIPPluginJar : add tracer_emb
2019-10-03 16:38:33,792 [INFO] IPUIPlugin:63 - create IPUIPlugin
2019-10-03 16:38:33,792 [INFO] PluginManager:200 - loadIPPluginJar : add ts
2019-10-03 16:38:33,823 [INFO] IPUIPlugin:63 - create IPUIPlugin
2019-10-03 16:38:33,824 [INFO] PluginManager:200 - loadIPPluginJar : add tsc
2019-10-03 16:38:33,848 [INFO] IPUIPlugin:63 - create IPUIPlugin
2019-10-03 16:38:33,848 [INFO] PluginManager:200 - loadIPPluginJar : add ucpd
2019-10-03 16:38:33,926 [INFO] IPUIPlugin:63 - create IPUIPlugin
2019-10-03 16:38:33,927 [INFO] PluginManager:200 - loadIPPluginJar : add usart
2019-10-03 16:38:34,580 [INFO] BoardConnectionPanel:217 - [DDR PANEL] osNameString: Windows
2019-10-03 16:38:35,251 [FATAL] Updater:277 - Updater called before beeing initialized
2019-10-03 16:38:36,531 [FATAL] Updater:277 - Updater called before beeing initialized
2019-10-03 16:38:36,532 [ERROR] IntegrityCheckThread:230 - Cannot obtain thirdParties list 21
2019-10-03 16:38:36,533 [ERROR] IntegrityCheckThread:99 - Unexpected exception IntegrityCheckThread Thread: Updater error
2019-10-03 16:38:36,534 [INFO] ThirdPartyDb:264 - Close Third Party DataBase File (C:/Users/trung/.stm32cubemx/plugins/thirdparty/db/thirdparties_db.xml)
2019-10-03 16:38:36,546 [FATAL] Updater:277 - Updater called before beeing initialized
2019-10-03 16:38:36,574 [INFO] PinOutPanel:1367 - setPackage(No Configuration,No Configuration)
2019-10-03 16:38:36,575 [FATAL] Updater:277 - Updater called before beeing initialized
2019-10-03 16:38:36,581 [INFO] MainDdrPanel:82 - [DDR PANEL] SETTER - Set cubeProgrammerPath to: C:\ST\STM32CubeIDE_1.0.0\STM32CubeIDE\plugins\com.st.stm32cube.ide.mcu.externaltools.cubeprogrammer.win32_1.0.0.201904021149\tools\bin
2019-10-03 16:38:36,657 [INFO] Updater:860 - Updater Version found : 5.3.0
2019-10-03 16:38:36,675 [INFO] ApplicationProperties:181 - Using Application install path: C:\ST\STM32CubeIDE_1.0.0\STM32CubeIDE\plugins\com.st.stm32cube.common.mx_5.3.0.201907110903
2019-10-03 16:38:36,774 [INFO] MainUpdater:445 - Copy updater definitions from MX database
2019-10-03 16:38:36,830 [INFO] MainUpdater:478 - Copy flag file definitions from MX database
2019-10-03 16:38:36,875 [INFO] MainUpdater:494 - Copy thirdparty index definitions from MX database
2019-10-03 16:38:36,934 [INFO] MainUpdater:513 - Copy default thirdparty db definitions from MX database
2019-10-03 16:38:37,071 [INFO] MainUpdater:2040 - connection check result : 10
2019-10-03 16:38:37,072 [INFO] MainUpdater:2607 - Updater definition file requires update
2019-10-03 16:38:37,074 [INFO] MainUpdater:229 - Updater Check For Update Now.
2019-10-03 16:38:37,075 [INFO] MicroXplorer:401 - Change Database Version : DB.5.0.30
2019-10-03 16:38:37,125 [INFO] ServerAccessManage:347 - Download File updaters.zip
2019-10-03 16:38:37,220 [INFO] FileExtend:191 - Unzip File : updaters.zip
2019-10-03 16:38:37,221 [INFO] FileExtend:206 - Standard Zip Deflate
2019-10-03 16:38:39,965 [INFO] FileExtend:191 - Unzip File : updaters.zip
2019-10-03 16:38:39,966 [INFO] FileExtend:206 - Standard Zip Deflate
2019-10-03 16:38:41,824 [INFO] ServerAccessManage:347 - Download File PacksControlFlags.xml
2019-10-03 16:38:41,958 [INFO] ServerAccessManage:347 - Download File cubemx.pidx
2019-10-03 16:38:42,227 [INFO] ServerAccessManage:347 - Download File STMicroelectronics.X-CUBE-BLE1.pdsc
2019-10-03 16:38:43,128 [ERROR] ServerAccessManage:941 - Problem, file not found on Server
2019-10-03 16:38:43,236 [INFO] ServerAccessManage:347 - Download File STMicroelectronics.X-CUBE-MEMS1.pdsc
2019-10-03 16:38:43,853 [INFO] ServerAccessManage:347 - Download File STMicroelectronics.X-CUBE-AI.pdsc
2019-10-03 16:38:44,196 [INFO] ServerAccessManage:347 - Download File STMicroelectronics.X-CUBE-NFC4.pdsc
2019-10-03 16:38:44,675 [INFO] ServerAccessManage:347 - Download File STMicroelectronics.X-CUBE-GNSS1.pdsc
2019-10-03 16:38:45,112 [INFO] MainUpdater:2040 - connection check result : 10
2019-10-03 16:38:45,112 [INFO] LogOutputStream:76 - [STDOUT_REDIRECT] Successfull proxy connection.
2019-10-03 16:38:45,384 [ERROR] ServerAccessManage:941 - Problem, file not found on Server
2019-10-03 16:38:45,553 [INFO] McuFinderGlobals:40 - Set McuFinder mode to 2 (CubeIDE integrated)
2019-10-03 16:38:45,571 [INFO] FinderPluginLoader:85 - Searching for filters in installed packs
2019-10-03 16:38:45,574 [INFO] DbMcusXml:106 - Load MCU database from C:\ST\STM32CubeIDE_1.0.0\STM32CubeIDE\plugins\com.st.stm32cube.common.mx_5.3.0.201907110903\\db\/mcu/families.xml
2019-10-03 16:38:45,990 [ERROR] ServerAccessManage:941 - Problem, file not found on Server
2019-10-03 16:38:46,649 [ERROR] ServerAccessManage:941 - Problem, file not found on Server
2019-10-03 16:38:46,992 [ERROR] ServerAccessManage:941 - Problem, file not found on Server
2019-10-03 16:38:47,607 [ERROR] ServerAccessManage:941 - Problem, file not found on Server
2019-10-03 16:38:47,921 [INFO] DbMcusJson:87 - JSON generation date=Fri Jun 21 17:28:09 ICT 2019 (1561112889)
2019-10-03 16:38:48,207 [ERROR] ServerAccessManage:941 - Problem, file not found on Server
2019-10-03 16:38:48,446 [INFO] LoadServerUpdatesThread:272 - End of LoadServerUpdate Thread
2019-10-03 16:38:48,456 [INFO] ThirdPartyDb:294 - Open Third Party DataBase File (C:/Users/trung/.stm32cubemx/plugins/thirdparty/db/thirdparties_db.xml) : 0 ms. number of Sw pack : 0
2019-10-03 16:38:48,818 [INFO] CheckServerUpdateThread:121 - End of CheckServer Thread
2019-10-03 16:38:48,824 [INFO] PopulateThirdPartyThread:82 - Ending populate Thread
2019-10-03 16:38:48,829 [INFO] ThirdPartyDb:264 - Close Third Party DataBase File (C:/Users/trung/.stm32cubemx/plugins/thirdparty/db/thirdparties_db.xml)
2019-10-03 16:38:49,036 [INFO] ThirdPartyDb:294 - Open Third Party DataBase File (C:/Users/trung/.stm32cubemx/plugins/thirdparty/db/thirdparties_db.xml) : 6 ms. number of Sw pack : 5
2019-10-03 16:38:49,036 [INFO] Engine:435 - softwarePackList size : 5
2019-10-03 16:38:49,050 [INFO] Engine:447 - compute dependency for SwPack X-CUBE-BLE1 have been done, and update is requested
2019-10-03 16:38:49,129 [INFO] Engine:447 - compute dependency for SwPack X-CUBE-MEMS1 have been done, and update is requested
2019-10-03 16:38:49,145 [INFO] Engine:447 - compute dependency for SwPack X-CUBE-AI have been done, and update is requested
2019-10-03 16:38:49,150 [INFO] Engine:447 - compute dependency for SwPack X-CUBE-NFC4 have been done, and update is requested
2019-10-03 16:38:49,188 [INFO] Engine:447 - compute dependency for SwPack X-CUBE-GNSS1 have been done, and update is requested
2019-10-03 16:38:49,191 [INFO] ThirdPartyDb:264 - Close Third Party DataBase File (C:/Users/trung/.stm32cubemx/plugins/thirdparty/db/thirdparties_db.xml)
2019-10-03 16:38:49,291 [INFO] ThirdPartyDb:294 - Open Third Party DataBase File (C:/Users/trung/.stm32cubemx/plugins/thirdparty/db/thirdparties_db.xml) : 4 ms. number of Sw pack : 5
2019-10-03 16:38:49,292 [INFO] LogOutputStream:76 - [STDOUT_REDIRECT] Software Pack is missing : STMicroelectronics.X-CUBE-BLE1.4.4.0
2019-10-03 16:38:49,294 [ERROR] ThirdParty:732 - Engine buildDependencyDb : invalid pack or unsuported pack STMicroelectronics.X-CUBE-BLE1.4.4.0
2019-10-03 16:38:49,299 [INFO] LogOutputStream:76 - [STDOUT_REDIRECT] Software Pack is missing : STMicroelectronics.X-CUBE-MEMS1.6.2.0
2019-10-03 16:38:49,300 [ERROR] ThirdParty:732 - Engine buildDependencyDb : invalid pack or unsuported pack STMicroelectronics.X-CUBE-MEMS1.6.2.0
2019-10-03 16:38:49,302 [INFO] LogOutputStream:76 - [STDOUT_REDIRECT] Software Pack is missing : STMicroelectronics.X-CUBE-AI.4.0.0
2019-10-03 16:38:49,303 [ERROR] ThirdParty:732 - Engine buildDependencyDb : invalid pack or unsuported pack STMicroelectronics.X-CUBE-AI.4.0.0
2019-10-03 16:38:49,308 [INFO] LogOutputStream:76 - [STDOUT_REDIRECT] Software Pack is missing : STMicroelectronics.X-CUBE-NFC4.1.4.1
2019-10-03 16:38:49,310 [ERROR] ThirdParty:732 - Engine buildDependencyDb : invalid pack or unsuported pack STMicroelectronics.X-CUBE-NFC4.1.4.1
2019-10-03 16:38:49,315 [INFO] LogOutputStream:76 - [STDOUT_REDIRECT] Software Pack is missing : STMicroelectronics.X-CUBE-GNSS1.3.0.0
2019-10-03 16:38:49,315 [ERROR] ThirdParty:732 - Engine buildDependencyDb : invalid pack or unsuported pack STMicroelectronics.X-CUBE-GNSS1.3.0.0
2019-10-03 16:38:50,737 [INFO] DbMcus:193 - Found 1496 MCUs (1455 are supported by CubeMX, 1455 are visible in CubeMX)
2019-10-03 16:38:50,738 [INFO] ApiDb:158 - Load user favorites file C:\Users\trung/.stm32cubeide/favorites.mcus.txt: 0 item(s)
2019-10-03 16:38:50,739 [INFO] ApiDb:163 - User favorites MCUs=[]
2019-10-03 16:38:50,739 [INFO] DbMcus:205 - Set 0 / 0 favorites MCUs
2019-10-03 16:38:52,203 [INFO] DbMcusAds:130 - JSON generation date=Wed Feb 20 23:46:15 ICT 2019 (1550681175)
2019-10-03 16:38:52,207 [INFO] LoadUrlFilesThread:147 - End of LoadServerUrlFiles without Thread
2019-10-03 16:38:52,279 [INFO] McuDetailPanel:180 - Set advertising image to C:/Users/trung/STM32Cube/Repository/\PRSTM32MP10219-01-med.jpg
2019-10-03 16:38:55,027 [INFO] ServerAccessManage:347 - Download File mcusDocs.json
2019-10-03 16:38:55,880 [INFO] LoadUrlFilesThread:129 - End of LoadUrlFiles Thread
2019-10-03 16:39:05,407 [INFO] ServerAccessManage:347 - Download File mcusFeaturesAndDescription.json
2019-10-03 16:39:08,805 [INFO] LoadUrlFilesThread:129 - End of LoadUrlFiles Thread
2019-10-03 16:39:09,394 [INFO] ServerAccessManage:347 - Download File mcusAds.json
2019-10-03 16:39:09,442 [INFO] LoadUrlFilesThread:129 - End of LoadUrlFiles Thread
2019-10-03 16:39:11,502 [INFO] ServerAccessManage:347 - Download File boardsDocs.json
2019-10-03 16:39:12,369 [INFO] LoadUrlFilesThread:129 - End of LoadUrlFiles Thread
2019-10-03 16:39:13,329 [INFO] ServerAccessManage:347 - Download File boards.json
2019-10-03 16:39:14,387 [INFO] LoadUrlFilesThread:129 - End of LoadUrlFiles Thread
2019-10-03 16:39:16,912 [INFO] ServerAccessManage:347 - Download File crdb.zip
2019-10-03 16:39:18,300 [INFO] FileExtend:191 - Unzip File : crdb.zip
2019-10-03 16:39:18,303 [INFO] FileExtend:206 - Standard Zip Deflate
2019-10-03 16:39:18,340 [INFO] LoadUrlFilesThread:129 - End of LoadUrlFiles Thread
2019-10-03 16:39:18,348 [INFO] DbMcusDocs:126 - JSON generation date=Mon Sep 23 16:35:45 ICT 2019 (1569231345)
2019-10-03 16:39:19,171 [INFO] DbMcusDocs:61 - Found 500 MCUs documents
2019-10-03 16:39:19,172 [INFO] ApiDb:186 - Save user favorites file C:\Users\trung/.stm32cubeide/favorites.mcus.txt: 0 item(s)
2019-10-03 16:39:19,173 [INFO] ApiDb:191 - User favorites MCUs=[]
2019-10-03 16:39:19,173 [INFO] DbMcusXml:106 - Load MCU database from C:\ST\STM32CubeIDE_1.0.0\STM32CubeIDE\plugins\com.st.stm32cube.common.mx_5.3.0.201907110903\\db\/mcu/families.xml
2019-10-03 16:39:20,120 [INFO] DbMcusJson:87 - JSON generation date=Mon Sep 23 16:35:45 ICT 2019 (1569231345)
2019-10-03 16:39:21,369 [INFO] DbMcus:193 - Found 1496 MCUs (1455 are supported by CubeMX, 1455 are visible in CubeMX)
2019-10-03 16:39:21,369 [INFO] ApiDb:158 - Load user favorites file C:\Users\trung/.stm32cubeide/favorites.mcus.txt: 0 item(s)
2019-10-03 16:39:21,369 [INFO] ApiDb:163 - User favorites MCUs=[]
2019-10-03 16:39:21,370 [INFO] DbMcus:205 - Set 0 / 0 favorites MCUs
2019-10-03 16:39:21,512 [INFO] McuFilterPanel:282 - Update 0 favorites MCUs
2019-10-03 16:39:21,865 [INFO] DbBoardsDocs:118 - JSON generation date=Mon Sep 23 16:35:45 ICT 2019 (1569231345)
2019-10-03 16:39:21,903 [INFO] DbBoardsPdsc:92 - Found 18 items
2019-10-03 16:39:21,919 [INFO] DbBoardsPdsc:92 - Found 9 items
2019-10-03 16:39:21,960 [INFO] DbBoardsPdsc:92 - Found 27 items
2019-10-03 16:39:21,980 [INFO] DbBoardsPdsc:92 - Found 1 items
2019-10-03 16:39:22,001 [INFO] DbBoardsPdsc:92 - Found 37 items
2019-10-03 16:39:22,023 [INFO] DbBoardsPdsc:92 - Found 37 items
2019-10-03 16:39:22,038 [INFO] DbBoardsPdsc:92 - Found 1 items
2019-10-03 16:39:22,085 [INFO] DbBoardsJson:79 - JSON generation date=Fri Sep 27 18:37:26 ICT 2019 (1569584246)
2019-10-03 16:39:22,097 [INFO] DbBoards:120 - Found 132 boards (129 are supported by CubeMX)
2019-10-03 16:39:22,104 [INFO] DbBoardsDocs:118 - JSON generation date=Mon Sep 23 16:35:45 ICT 2019 (1569231345)
2019-10-03 16:39:22,119 [INFO] DbBoardsDocs:57 - Found 160 boards documents
2019-10-03 16:39:22,121 [WARN] DbBoards:130 - board NUCLEO-H743ZI2 has no document id list !
2019-10-03 16:39:22,123 [WARN] DbBoards:130 - board P-NUCLEO-WB55-Nucleo has no document id list !
2019-10-03 16:39:22,123 [WARN] DbBoards:130 - board P-NUCLEO-WB55-USBDongle has no document id list !
2019-10-03 16:39:22,123 [WARN] DbBoards:130 - board P-NUCLEO-WB55 has no document id list !
2019-10-03 16:39:22,123 [WARN] DbBoards:130 - board STM32F401C-DISCO has no document id list !
2019-10-03 16:39:22,124 [WARN] DbBoards:130 - board STM32F769I-DISC1 has no document id list !
2019-10-03 16:39:22,124 [WARN] DbBoards:130 - board STM32F7308-DISCO has no document id list !
2019-10-03 16:39:22,124 [WARN] DbBoards:130 - board STM32L-DISCOVERY has no document id list !
2019-10-03 16:39:22,126 [WARN] DbBoards:130 - board STM32H747I-DISC1 has no document id list !
2019-10-03 16:39:22,132 [WARN] DbBoards:130 - board STM32MP157A-DK1 has no document id list !
2019-10-03 16:39:22,133 [WARN] DbBoards:130 - board STM32100E-EVAL has no document id list !
2019-10-03 16:39:22,134 [WARN] DbBoards:130 - board STM32303C-EVAL has no document id list !
2019-10-03 16:39:22,134 [WARN] DbBoards:130 - board STM32L152D-EVAL has no document id list !
2019-10-03 16:39:22,134 [WARN] DbBoards:130 - board STM32H743I-EVAL2 has no document id list !
2019-10-03 16:39:22,135 [WARN] DbBoards:130 - board STM32H753I-EVAL2 has no document id list !
2019-10-03 16:39:22,135 [WARN] DbBoards:130 - board STM32G474E-EVAL1 has no document id list !
2019-10-03 16:39:22,135 [WARN] DbBoards:130 - board STEVAL-MKSBOX1V1 has no document id list !
2019-10-03 16:39:23,182 [ERROR] DbBoards:192 - Image file not found for board B-G474E-DPOW1: C:\ST\STM32CubeIDE_1.0.0\STM32CubeIDE\plugins\com.st.stm32cube.common.mx_5.3.0.201907110903\\db\/plugins/mcufinder/images/boards/B-G474E-DPOW1_small.jpg
2019-10-03 16:39:23,439 [ERROR] DbBoards:192 - Image file not found for board STM32G0316-DISCO: C:\ST\STM32CubeIDE_1.0.0\STM32CubeIDE\plugins\com.st.stm32cube.common.mx_5.3.0.201907110903\\db\/plugins/mcufinder/images/boards/stm32g0316discovery_small.jpg
2019-10-03 16:39:24,452 [INFO] ApiDb:158 - Load user favorites file C:\Users\trung/.stm32cubeide/favorites.boards.txt: 0 item(s)
2019-10-03 16:39:24,452 [INFO] ApiDb:163 - User favorites Boards=[]
2019-10-03 16:39:24,452 [INFO] DbBoards:209 - Set 0 / 0 favorites Boards
2019-10-03 16:39:24,467 [INFO] DbBoardsDocs:57 - Found 320 boards documents
2019-10-03 16:39:24,468 [INFO] ApiDb:186 - Save user favorites file C:\Users\trung/.stm32cubeide/favorites.boards.txt: 0 item(s)
2019-10-03 16:39:24,469 [INFO] ApiDb:191 - User favorites Boards=[]
2019-10-03 16:39:24,475 [INFO] DbBoardsPdsc:92 - Found 18 items
2019-10-03 16:39:24,478 [INFO] DbBoardsPdsc:92 - Found 9 items
2019-10-03 16:39:24,485 [INFO] DbBoardsPdsc:92 - Found 27 items
2019-10-03 16:39:24,487 [INFO] DbBoardsPdsc:92 - Found 1 items
2019-10-03 16:39:24,493 [INFO] DbBoardsPdsc:92 - Found 37 items
2019-10-03 16:39:24,505 [INFO] DbBoardsPdsc:92 - Found 37 items
2019-10-03 16:39:24,514 [INFO] DbBoardsPdsc:92 - Found 1 items
2019-10-03 16:39:24,540 [INFO] DbBoardsJson:79 - JSON generation date=Fri Sep 27 18:37:26 ICT 2019 (1569584246)
2019-10-03 16:39:24,552 [INFO] DbBoards:120 - Found 132 boards (129 are supported by CubeMX)
2019-10-03 16:39:24,554 [WARN] DbBoards:130 - board NUCLEO-H743ZI2 has no document id list !
2019-10-03 16:39:24,556 [WARN] DbBoards:130 - board P-NUCLEO-WB55-Nucleo has no document id list !
2019-10-03 16:39:24,556 [WARN] DbBoards:130 - board P-NUCLEO-WB55-USBDongle has no document id list !
2019-10-03 16:39:24,557 [WARN] DbBoards:130 - board P-NUCLEO-WB55 has no document id list !
2019-10-03 16:39:24,557 [WARN] DbBoards:130 - board STM32F401C-DISCO has no document id list !
2019-10-03 16:39:24,558 [WARN] DbBoards:130 - board STM32F769I-DISC1 has no document id list !
2019-10-03 16:39:24,558 [WARN] DbBoards:130 - board STM32F7308-DISCO has no document id list !
2019-10-03 16:39:24,558 [WARN] DbBoards:130 - board STM32L-DISCOVERY has no document id list !
2019-10-03 16:39:24,567 [WARN] DbBoards:130 - board STM32H747I-DISC1 has no document id list !
2019-10-03 16:39:24,567 [WARN] DbBoards:130 - board STM32MP157A-DK1 has no document id list !
2019-10-03 16:39:24,567 [WARN] DbBoards:130 - board STM32100E-EVAL has no document id list !
2019-10-03 16:39:24,567 [WARN] DbBoards:130 - board STM32303C-EVAL has no document id list !
2019-10-03 16:39:24,568 [WARN] DbBoards:130 - board STM32L152D-EVAL has no document id list !
2019-10-03 16:39:24,568 [WARN] DbBoards:130 - board STM32H743I-EVAL2 has no document id list !
2019-10-03 16:39:24,568 [WARN] DbBoards:130 - board STM32H753I-EVAL2 has no document id list !
2019-10-03 16:39:24,569 [WARN] DbBoards:130 - board STM32G474E-EVAL1 has no document id list !
2019-10-03 16:39:24,569 [WARN] DbBoards:130 - board STEVAL-MKSBOX1V1 has no document id list !
2019-10-03 16:39:25,237 [ERROR] DbBoards:192 - Image file not found for board B-G474E-DPOW1: C:\ST\STM32CubeIDE_1.0.0\STM32CubeIDE\plugins\com.st.stm32cube.common.mx_5.3.0.201907110903\\db\/plugins/mcufinder/images/boards/B-G474E-DPOW1_small.jpg
2019-10-03 16:39:25,354 [ERROR] DbBoards:192 - Image file not found for board STM32G0316-DISCO: C:\ST\STM32CubeIDE_1.0.0\STM32CubeIDE\plugins\com.st.stm32cube.common.mx_5.3.0.201907110903\\db\/plugins/mcufinder/images/boards/stm32g0316discovery_small.jpg
2019-10-03 16:39:25,717 [INFO] ApiDb:158 - Load user favorites file C:\Users\trung/.stm32cubeide/favorites.boards.txt: 0 item(s)
2019-10-03 16:39:25,717 [INFO] ApiDb:163 - User favorites Boards=[]
2019-10-03 16:39:25,717 [INFO] DbBoards:209 - Set 0 / 0 favorites Boards
2019-10-03 16:39:26,057 [INFO] LoadUrlFilesThread:147 - End of LoadServerUrlFiles without Thread
2019-10-03 16:39:26,072 [INFO] McuFilterPanel:282 - Update 0 favorites MCUs
2019-10-03 16:39:26,398 [INFO] LoadUrlFilesThread:147 - End of LoadServerUrlFiles without Thread
2019-10-03 16:39:26,399 [INFO] BoardDetailPanel:179 - Set advertising image to C:/Users/trung/STM32Cube/Repository/\PRSTM32MP10219-01-med.jpg
2019-10-03 16:39:26,459 [INFO] BoardFilterPanel:211 - Update 0 favorites Boards
2019-10-03 16:39:29,204 [INFO] CrossSelectorPresenter:1319 - Cross Selector saved comparison directory: C:\Users\trung\.stmcufinder\plugins\mcufinder\mcu\cs_comparisons_mx
2019-10-03 16:40:04,601 [INFO] LogOutputStream:76 - [STDOUT_REDIRECT] withoutVersionV1.8.0
2019-10-03 16:40:05,069 [INFO] LogOutputStream:76 - [STDOUT_REDIRECT] File copied successfully!!
2019-10-03 16:40:08,644 [INFO] MainUpdater:2040 - connection check result : 10
2019-10-03 16:40:08,647 [INFO] LogOutputStream:76 - [STDOUT_REDIRECT] Successfull proxy connection.
2019-10-03 16:40:08,733 [INFO] MicroXplorer:371 - Change Database Path : 
2019-10-03 16:40:08,734 [INFO] MicroXplorer:401 - Change Database Version : DB.5.0.30
2019-10-03 16:40:08,741 [INFO] PinOutPanel:1367 - setPackage(No Configuration,No Configuration)
2019-10-03 16:40:08,743 [INFO] UtilMem:74 - Begin LoadConfig() Used Memory: 476187280 Bytes (686817280)
2019-10-03 16:40:08,744 [INFO] MicroXplorer:371 - Change Database Path : 
2019-10-03 16:40:08,744 [INFO] MicroXplorer:401 - Change Database Version : DB.5.0.30
2019-10-03 16:40:08,744 [INFO] OpenFileManager:269 - Change cursor
2019-10-03 16:40:11,223 [INFO] ImportTextPane:162 - (OptionalMessage_ERROR) Unable to find key (Mcu.ThirdPartyNb) in loaded IOC file
2019-10-03 16:40:11,224 [INFO] ImportTextPane:162 - (OptionalMessage_ERROR) Unable to find key (Mcu.PinsNb) in loaded IOC file
2019-10-03 16:40:11,224 [INFO] ImportTextPane:162 - (OptionalMessage_ERROR) Unable to find key (Mcu.IPNb) in loaded IOC file
2019-10-03 16:40:11,953 [INFO] UtilMem:74 - End LoadConfig() Used Memory: 356964192 Bytes (686817280)
2019-10-03 16:40:12,030 [INFO] ThirdParty:912 - CMSIS Pack Vendor :STMicroelectronics X-CUBE-BLE1 4.4.0
2019-10-03 16:40:12,031 [INFO] ThirdParty:912 - CMSIS Pack Vendor :STMicroelectronics X-CUBE-MEMS1 6.2.0
2019-10-03 16:40:12,031 [INFO] ThirdParty:912 - CMSIS Pack Vendor :STMicroelectronics X-CUBE-NFC4 1.4.1
2019-10-03 16:40:12,031 [INFO] ThirdParty:912 - CMSIS Pack Vendor :STMicroelectronics X-CUBE-GNSS1 3.0.0
2019-10-03 16:40:12,281 [INFO] PinOutPanel:1367 - setPackage(No Configuration,No Configuration)
2019-10-03 16:40:12,283 [INFO] PinOutPanel:1367 - setPackage(STM32F103C8Tx,LQFP48)
2019-10-03 16:40:13,050 [INFO] UtilMem:74 - Before build in PCC Used Memory: 395012800 Bytes (686817280)
2019-10-03 16:40:13,617 [INFO] SharedServices:71 - Folder for power plug-in: C:/Users/trung/.stm32cubemx/plugins/power
2019-10-03 16:40:13,619 [INFO] UtilMem:74 - After build in PCC Used Memory: 409166536 Bytes (686817280)
2019-10-03 16:40:13,632 [INFO] BlockDiagram:1818 - stop enableDisableButtons
2019-10-03 16:40:13,632 [INFO] IPUIPlugin:63 - create IPUIPlugin
2019-10-03 16:40:13,633 [INFO] IPUIPlugin:63 - create IPUIPlugin
2019-10-03 16:40:13,633 [INFO] IPUIPlugin:63 - create IPUIPlugin
2019-10-03 16:40:13,633 [INFO] IPUIPlugin:63 - create IPUIPlugin
2019-10-03 16:40:13,633 [INFO] IPUIPlugin:63 - create IPUIPlugin
2019-10-03 16:40:13,633 [INFO] IPUIPlugin:63 - create IPUIPlugin
2019-10-03 16:40:13,634 [INFO] IPUIPlugin:63 - create IPUIPlugin
2019-10-03 16:40:13,634 [INFO] IPUIPlugin:63 - create IPUIPlugin
2019-10-03 16:40:13,634 [INFO] IPUIPlugin:63 - create IPUIPlugin
2019-10-03 16:40:13,634 [INFO] IPUIPlugin:63 - create IPUIPlugin
2019-10-03 16:40:13,635 [INFO] IPUIPlugin:63 - create IPUIPlugin
2019-10-03 16:40:13,635 [INFO] IPUIPlugin:63 - create IPUIPlugin
2019-10-03 16:40:13,635 [INFO] IPUIPlugin:63 - create IPUIPlugin
2019-10-03 16:40:13,636 [INFO] IPUIPlugin:63 - create IPUIPlugin
2019-10-03 16:40:13,636 [INFO] IPUIPlugin:63 - create IPUIPlugin
2019-10-03 16:40:13,636 [INFO] IPUIPlugin:63 - create IPUIPlugin
2019-10-03 16:40:13,637 [INFO] IPUIPlugin:63 - create IPUIPlugin
2019-10-03 16:40:13,637 [INFO] IPUIPlugin:63 - create IPUIPlugin
2019-10-03 16:40:13,638 [INFO] IPUIPlugin:63 - create IPUIPlugin
2019-10-03 16:40:13,638 [INFO] IPUIPlugin:63 - create IPUIPlugin
2019-10-03 16:40:13,638 [INFO] IPUIPlugin:63 - create IPUIPlugin
2019-10-03 16:40:13,639 [INFO] IPUIPlugin:63 - create IPUIPlugin
2019-10-03 16:40:13,639 [INFO] IPUIPlugin:63 - create IPUIPlugin
2019-10-03 16:40:13,639 [INFO] IPUIPlugin:63 - create IPUIPlugin
2019-10-03 16:40:13,640 [INFO] IPUIPlugin:63 - create IPUIPlugin
2019-10-03 16:40:13,640 [INFO] IPUIPlugin:63 - create IPUIPlugin
2019-10-03 16:40:13,640 [INFO] IPUIPlugin:63 - create IPUIPlugin
2019-10-03 16:40:13,646 [INFO] BlockDiagram:1818 - stop enableDisableButtons
2019-10-03 16:40:13,680 [INFO] LogOutputStream:76 - [STDOUT_REDIRECT] toolchainItems.length=====1
2019-10-03 16:40:13,684 [INFO] LogOutputStream:76 - [STDOUT_REDIRECT] method name===============isUnderRootDefaultMode
2019-10-03 16:40:13,687 [INFO] LogOutputStream:76 - [STDOUT_REDIRECT] method name===============isRootSelectionSupported
2019-10-03 16:40:13,887 [INFO] LogOutputStream:76 - [STDOUT_REDIRECT] method name===============isUnderRootDefaultMode
2019-10-03 16:40:13,891 [INFO] LogOutputStream:76 - [STDOUT_REDIRECT] method name===============isUnderRootDefaultMode
2019-10-03 16:40:13,894 [INFO] LogOutputStream:76 - [STDOUT_REDIRECT] method name===============isUnderRootDefaultMode
2019-10-03 16:40:13,896 [INFO] LogOutputStream:76 - [STDOUT_REDIRECT] method name===============isRootSelectionSupported
2019-10-03 16:40:13,898 [INFO] LogOutputStream:76 - [STDOUT_REDIRECT] method name===============isRootSelectionSupported
2019-10-03 16:40:13,900 [INFO] LogOutputStream:76 - [STDOUT_REDIRECT] method name===============isUnderRootDefaultMode
2019-10-03 16:40:13,909 [INFO] OpenFileManager:289 - Restore cursor
2019-10-03 16:40:13,919 [INFO] LogOutputStream:76 - [STDOUT_REDIRECT] method name===============isUnderRootDefaultMode
2019-10-03 16:40:13,921 [INFO] LogOutputStream:76 - [STDOUT_REDIRECT] method name===============isUnderRootDefaultMode
2019-10-03 16:40:13,923 [INFO] LogOutputStream:76 - [STDOUT_REDIRECT] method name===============isUnderRootDefaultMode
2019-10-03 16:40:13,926 [INFO] LogOutputStream:76 - [STDOUT_REDIRECT] method name===============isRootSelectionSupported
2019-10-03 16:40:13,928 [INFO] LogOutputStream:76 - [STDOUT_REDIRECT] method name===============isRootSelectionSupported
2019-10-03 16:40:13,930 [INFO] LogOutputStream:76 - [STDOUT_REDIRECT] method name===============isUnderRootDefaultMode
2019-10-03 16:40:13,992 [INFO] BlockDiagram:1818 - stop enableDisableButtons
2019-10-03 16:40:14,003 [INFO] LogOutputStream:76 - [STDOUT_REDIRECT] method name===============isUnderRootDefaultMode
2019-10-03 16:40:14,006 [INFO] LogOutputStream:76 - [STDOUT_REDIRECT] method name===============isUnderRootDefaultMode
2019-10-03 16:40:14,009 [INFO] LogOutputStream:76 - [STDOUT_REDIRECT] method name===============isUnderRootDefaultMode
2019-10-03 16:40:14,011 [INFO] LogOutputStream:76 - [STDOUT_REDIRECT] method name===============isRootSelectionSupported
2019-10-03 16:40:14,013 [INFO] LogOutputStream:76 - [STDOUT_REDIRECT] method name===============isRootSelectionSupported
2019-10-03 16:40:14,015 [INFO] LogOutputStream:76 - [STDOUT_REDIRECT] method name===============isUnderRootDefaultMode
2019-10-03 16:40:14,060 [INFO] BlockDiagram:1818 - stop enableDisableButtons
2019-10-03 16:40:14,281 [INFO] LogOutputStream:76 - [STDOUT_REDIRECT] method name===============isUnderRootDefaultMode
2019-10-03 16:40:14,283 [INFO] LogOutputStream:76 - [STDOUT_REDIRECT] method name===============isUnderRootDefaultMode
2019-10-03 16:40:14,285 [INFO] LogOutputStream:76 - [STDOUT_REDIRECT] method name===============isUnderRootDefaultMode
2019-10-03 16:40:14,291 [INFO] LogOutputStream:76 - [STDOUT_REDIRECT] method name===============isRootSelectionSupported
2019-10-03 16:40:14,293 [INFO] LogOutputStream:76 - [STDOUT_REDIRECT] method name===============isRootSelectionSupported
2019-10-03 16:40:14,296 [INFO] LogOutputStream:76 - [STDOUT_REDIRECT] method name===============isUnderRootDefaultMode
2019-10-03 16:40:14,308 [INFO] UtilMem:74 - End SaveConfig() Used Memory: 434858688 Bytes (686817280)
2019-10-03 16:40:14,312 [INFO] LogOutputStream:76 - [STDOUT_REDIRECT] method name===============isUnderRootDefaultMode
2019-10-03 16:40:14,316 [INFO] LogOutputStream:76 - [STDOUT_REDIRECT] method name===============isUnderRootDefaultMode
2019-10-03 16:40:14,322 [INFO] LogOutputStream:76 - [STDOUT_REDIRECT] method name===============isUnderRootDefaultMode
2019-10-03 16:40:14,324 [INFO] LogOutputStream:76 - [STDOUT_REDIRECT] method name===============isRootSelectionSupported
2019-10-03 16:40:14,326 [INFO] LogOutputStream:76 - [STDOUT_REDIRECT] method name===============isRootSelectionSupported
2019-10-03 16:40:14,328 [INFO] LogOutputStream:76 - [STDOUT_REDIRECT] method name===============isUnderRootDefaultMode
2019-10-03 16:40:15,176 [INFO] ServerAccessManage:347 - Download File stm32cube_fw_f1_v180.zip
2019-10-03 16:50:00,649 [INFO] FileExtend:191 - Unzip File : stm32cube_fw_f1_v180.zip
2019-10-03 16:50:00,651 [INFO] FileExtend:206 - Standard Zip Deflate
2019-10-03 16:52:45,683 [INFO] LoadServerPackagesThread:149 - End of LoadServerPackages Thread
2019-10-03 16:52:45,780 [INFO] CheckServerUpdateThread:121 - End of CheckServer Thread
2019-10-03 16:52:45,796 [INFO] UtilMem:74 - End SaveConfig() Used Memory: 215870800 Bytes (1073741824)
2019-10-03 16:52:45,800 [INFO] LogOutputStream:76 - [STDOUT_REDIRECT] method name===============isUnderRootDefaultMode
2019-10-03 16:52:45,853 [INFO] LogOutputStream:76 - [STDOUT_REDIRECT] method name===============isUnderRootDefaultMode
2019-10-03 16:52:45,858 [INFO] LogOutputStream:76 - [STDOUT_REDIRECT] method name===============isUnderRootDefaultMode
2019-10-03 16:52:45,861 [INFO] LogOutputStream:76 - [STDOUT_REDIRECT] method name===============isRootSelectionSupported
2019-10-03 16:52:45,863 [INFO] LogOutputStream:76 - [STDOUT_REDIRECT] method name===============isRootSelectionSupported
2019-10-03 16:52:45,866 [INFO] LogOutputStream:76 - [STDOUT_REDIRECT] method name===============isUnderRootDefaultMode
2019-10-03 16:52:47,053 [INFO] BlockDiagram:1862 - set Specific Code input for plugin: NVIC
2019-10-03 16:52:47,054 [INFO] BlockDiagram:1862 - set Specific Code input for plugin: SYS
2019-10-03 16:52:47,069 [INFO] CodeGenerator:583 - code generatio: config db path: C:\ST\STM32CubeIDE_1.0.0\STM32CubeIDE\plugins\com.st.stm32cube.common.mx_5.3.0.201907110903\\db\
2019-10-03 16:52:49,447 [INFO] CodeEngine:190 - oldGeneratedFile, E:\Personal\NODEJS\2. Friday\Hardwware\MCU_Code\Friday\MXTmpFiles\license.tmp_save
2019-10-03 16:52:50,287 [INFO] CodeEngine:208 - Generated code: E:\Personal\NODEJS\2. Friday\Hardwware\MCU_Code\Friday\MXTmpFiles\license.tmp
2019-10-03 16:52:50,593 [INFO] LogOutputStream:76 - [STDOUT_REDIRECT] Command line
2019-10-03 16:52:50,595 [INFO] LogOutputStream:76 - [STDOUT_REDIRECT] Debug : prepare data for SYS
2019-10-03 16:52:50,596 [INFO] LogOutputStream:76 - [STDOUT_REDIRECT] Command line test
2019-10-03 16:52:50,600 [INFO] LogOutputStream:76 - [STDOUT_REDIRECT] Debug : prepare data for NVIC
2019-10-03 16:52:50,601 [INFO] LogOutputStream:76 - [STDOUT_REDIRECT] Command line test
2019-10-03 16:52:50,631 [INFO] CodeEngine:190 - oldGeneratedFile, E:\Personal\NODEJS\2. Friday\Hardwware\MCU_Code\Friday\Src\stm32f1xx_it.c_save
2019-10-03 16:52:51,051 [INFO] CodeEngine:208 - Generated code: E:\Personal\NODEJS\2. Friday\Hardwware\MCU_Code\Friday\Src\stm32f1xx_it.c
2019-10-03 16:52:51,069 [INFO] CodeEngine:190 - oldGeneratedFile, E:\Personal\NODEJS\2. Friday\Hardwware\MCU_Code\Friday\Inc\stm32f1xx_it.h_save
2019-10-03 16:52:51,427 [INFO] CodeEngine:208 - Generated code: E:\Personal\NODEJS\2. Friday\Hardwware\MCU_Code\Friday\Inc\stm32f1xx_it.h
2019-10-03 16:52:51,482 [INFO] CodeEngine:190 - oldGeneratedFile, E:\Personal\NODEJS\2. Friday\Hardwware\MCU_Code\Friday\Src\stm32f1xx_hal_msp.c_save
2019-10-03 16:52:52,002 [INFO] CodeEngine:208 - Generated code: E:\Personal\NODEJS\2. Friday\Hardwware\MCU_Code\Friday\Src\stm32f1xx_hal_msp.c
2019-10-03 16:52:52,031 [INFO] CodeEngine:190 - oldGeneratedFile, E:\Personal\NODEJS\2. Friday\Hardwware\MCU_Code\Friday\MXTmpFiles\system.tmp_save
2019-10-03 16:52:52,381 [INFO] CodeEngine:208 - Generated code: E:\Personal\NODEJS\2. Friday\Hardwware\MCU_Code\Friday\MXTmpFiles\system.tmp
2019-10-03 16:52:52,426 [INFO] CodeEngine:190 - oldGeneratedFile, E:\Personal\NODEJS\2. Friday\Hardwware\MCU_Code\Friday\Inc\stm32f1xx_hal_conf.h_save
2019-10-03 16:52:52,789 [INFO] CodeEngine:208 - Generated code: E:\Personal\NODEJS\2. Friday\Hardwware\MCU_Code\Friday\Inc\stm32f1xx_hal_conf.h
2019-10-03 16:52:52,881 [INFO] CodeEngine:190 - oldGeneratedFile, E:\Personal\NODEJS\2. Friday\Hardwware\MCU_Code\Friday\Inc\main.h_save
2019-10-03 16:52:53,202 [INFO] CodeEngine:208 - Generated code: E:\Personal\NODEJS\2. Friday\Hardwware\MCU_Code\Friday\Inc\main.h
2019-10-03 16:52:53,255 [INFO] CodeEngine:190 - oldGeneratedFile, E:\Personal\NODEJS\2. Friday\Hardwware\MCU_Code\Friday\Src\main.c_save
2019-10-03 16:52:53,664 [INFO] CodeEngine:208 - Generated code: E:\Personal\NODEJS\2. Friday\Hardwware\MCU_Code\Friday\Src\main.c
2019-10-03 16:52:54,932 [INFO] ProjectBuilder:1570 - Time for Copy HAL[1] : 221mS.
2019-10-03 16:52:54,944 [INFO] ProjectBuilder:2138 - Project Generator version: 3.4.0
2019-10-03 16:52:55,469 [INFO] ConfigFileManager:879 - The Die is : DIE410
2019-10-03 16:52:55,482 [INFO] LogOutputStream:76 - [STDOUT_REDIRECT] configName ==Arm Cortex-M3
2019-10-03 16:52:55,662 [INFO] LogOutputStream:76 - [STDOUT_REDIRECT] memory ==name="RAM" access="xrw" start="0x20000000" size="20"
2019-10-03 16:52:55,665 [INFO] LogOutputStream:76 - [STDOUT_REDIRECT] memory ==name="FLASH" access="rx" start="0x8000000" size="64"
2019-10-03 16:52:55,894 [INFO] LogOutputStream:76 - [STDOUT_REDIRECT] namefile= STM32CubeIDE
2019-10-03 16:52:55,896 [INFO] LogOutputStream:76 - [STDOUT_REDIRECT] method name===============generate
2019-10-03 16:53:08,064 [INFO] ProjectBuilder:2232 - Time for Generating toolchain IDE Files: 13120mS.
2019-10-03 16:53:08,065 [INFO] ProjectBuilder:1461 - Time for Copy CMSIS : 0mS.
2019-10-03 16:53:08,067 [INFO] ProjectBuilder:1461 - Time for Copy CMSIS : 0mS.
2019-10-03 16:56:18,737 [INFO] BlockDiagram:1818 - stop enableDisableButtons
2019-10-03 16:56:22,546 [INFO] LogOutputStream:76 - [STDOUT_REDIRECT] method name===============isUnderRootDefaultMode
2019-10-03 16:56:22,548 [INFO] LogOutputStream:76 - [STDOUT_REDIRECT] method name===============isUnderRootDefaultMode
2019-10-03 16:56:22,551 [INFO] LogOutputStream:76 - [STDOUT_REDIRECT] method name===============isUnderRootDefaultMode
2019-10-03 16:56:22,553 [INFO] LogOutputStream:76 - [STDOUT_REDIRECT] method name===============isRootSelectionSupported
2019-10-03 16:56:22,555 [INFO] LogOutputStream:76 - [STDOUT_REDIRECT] method name===============isRootSelectionSupported
2019-10-03 16:56:22,557 [INFO] LogOutputStream:76 - [STDOUT_REDIRECT] method name===============isUnderRootDefaultMode
2019-10-03 16:56:22,602 [INFO] BlockDiagram:1818 - stop enableDisableButtons
2019-10-03 16:56:22,849 [INFO] BlockDiagram:1818 - stop enableDisableButtons
2019-10-03 16:56:25,155 [INFO] BlockDiagram:1818 - stop enableDisableButtons
2019-10-03 16:56:25,257 [INFO] LogOutputStream:76 - [STDOUT_REDIRECT] method name===============isUnderRootDefaultMode
2019-10-03 16:56:25,258 [INFO] LogOutputStream:76 - [STDOUT_REDIRECT] method name===============isUnderRootDefaultMode
2019-10-03 16:56:25,264 [INFO] LogOutputStream:76 - [STDOUT_REDIRECT] method name===============isUnderRootDefaultMode
2019-10-03 16:56:25,267 [INFO] LogOutputStream:76 - [STDOUT_REDIRECT] method name===============isRootSelectionSupported
2019-10-03 16:56:25,268 [INFO] LogOutputStream:76 - [STDOUT_REDIRECT] method name===============isRootSelectionSupported
2019-10-03 16:56:25,271 [INFO] LogOutputStream:76 - [STDOUT_REDIRECT] method name===============isUnderRootDefaultMode
2019-10-03 16:56:25,291 [INFO] BlockDiagram:1818 - stop enableDisableButtons
2019-10-03 16:56:25,381 [INFO] BlockDiagram:1818 - stop enableDisableButtons
2019-10-03 16:56:27,687 [INFO] BlockDiagram:1818 - stop enableDisableButtons
2019-10-03 16:56:27,775 [INFO] LogOutputStream:76 - [STDOUT_REDIRECT] method name===============isUnderRootDefaultMode
2019-10-03 16:56:27,778 [INFO] LogOutputStream:76 - [STDOUT_REDIRECT] method name===============isUnderRootDefaultMode
2019-10-03 16:56:27,781 [INFO] LogOutputStream:76 - [STDOUT_REDIRECT] method name===============isUnderRootDefaultMode
2019-10-03 16:56:27,783 [INFO] LogOutputStream:76 - [STDOUT_REDIRECT] method name===============isRootSelectionSupported
2019-10-03 16:56:27,786 [INFO] LogOutputStream:76 - [STDOUT_REDIRECT] method name===============isRootSelectionSupported
2019-10-03 16:56:27,789 [INFO] LogOutputStream:76 - [STDOUT_REDIRECT] method name===============isUnderRootDefaultMode
2019-10-03 16:56:27,805 [INFO] BlockDiagram:1818 - stop enableDisableButtons
2019-10-03 16:56:27,896 [INFO] BlockDiagram:1818 - stop enableDisableButtons
2019-10-03 16:56:33,333 [INFO] BlockDiagram:1818 - stop enableDisableButtons
2019-10-03 16:56:36,824 [INFO] LogOutputStream:76 - [STDOUT_REDIRECT] method name===============isUnderRootDefaultMode
2019-10-03 16:56:36,826 [INFO] LogOutputStream:76 - [STDOUT_REDIRECT] method name===============isUnderRootDefaultMode
2019-10-03 16:56:36,829 [INFO] LogOutputStream:76 - [STDOUT_REDIRECT] method name===============isUnderRootDefaultMode
2019-10-03 16:56:36,831 [INFO] LogOutputStream:76 - [STDOUT_REDIRECT] method name===============isRootSelectionSupported
2019-10-03 16:56:36,834 [INFO] LogOutputStream:76 - [STDOUT_REDIRECT] method name===============isRootSelectionSupported
2019-10-03 16:56:36,836 [INFO] LogOutputStream:76 - [STDOUT_REDIRECT] method name===============isUnderRootDefaultMode
2019-10-03 16:56:36,845 [WARN] IP:1918 - I2C_Coeff_DF not found: check if there is a RefParameter without a condition.
2019-10-03 16:56:36,845 [WARN] IP:1918 - Analog_Filter not found: check if there is a RefParameter without a condition.
2019-10-03 16:56:36,881 [WARN] IP:1918 - I2C_Coeff_DF not found: check if there is a RefParameter without a condition.
2019-10-03 16:56:36,881 [WARN] IP:1918 - Analog_Filter not found: check if there is a RefParameter without a condition.
2019-10-03 16:56:36,882 [WARN] IP:1918 - I2C_Coeff_DF not found: check if there is a RefParameter without a condition.
2019-10-03 16:56:36,883 [WARN] IP:1918 - Analog_Filter not found: check if there is a RefParameter without a condition.
2019-10-03 16:56:36,897 [INFO] BlockDiagram:1818 - stop enableDisableButtons
2019-10-03 16:56:36,942 [WARN] IP:1918 - I2C_Coeff_DF not found: check if there is a RefParameter without a condition.
2019-10-03 16:56:36,943 [WARN] IP:1918 - Analog_Filter not found: check if there is a RefParameter without a condition.
2019-10-03 16:56:36,945 [WARN] IP:1918 - I2C_Coeff_DF not found: check if there is a RefParameter without a condition.
2019-10-03 16:56:36,945 [WARN] IP:1918 - Analog_Filter not found: check if there is a RefParameter without a condition.
2019-10-03 16:56:36,956 [WARN] IP:1918 - I2C_Coeff_DF not found: check if there is a RefParameter without a condition.
2019-10-03 16:56:36,956 [WARN] IP:1918 - Analog_Filter not found: check if there is a RefParameter without a condition.
2019-10-03 16:56:36,982 [INFO] BlockDiagram:1818 - stop enableDisableButtons
2019-10-03 16:56:48,284 [INFO] BlockDiagram:1818 - stop enableDisableButtons
2019-10-03 16:56:50,371 [INFO] LogOutputStream:76 - [STDOUT_REDIRECT] method name===============isUnderRootDefaultMode
2019-10-03 16:56:50,373 [INFO] LogOutputStream:76 - [STDOUT_REDIRECT] method name===============isUnderRootDefaultMode
2019-10-03 16:56:50,377 [INFO] LogOutputStream:76 - [STDOUT_REDIRECT] method name===============isUnderRootDefaultMode
2019-10-03 16:56:50,380 [INFO] LogOutputStream:76 - [STDOUT_REDIRECT] method name===============isRootSelectionSupported
2019-10-03 16:56:50,382 [INFO] LogOutputStream:76 - [STDOUT_REDIRECT] method name===============isRootSelectionSupported
2019-10-03 16:56:50,383 [INFO] LogOutputStream:76 - [STDOUT_REDIRECT] method name===============isUnderRootDefaultMode
2019-10-03 16:56:50,579 [INFO] BlockDiagram:1818 - stop enableDisableButtons
2019-10-03 16:56:50,648 [INFO] ADCParametersView:101 -                Rank 1 : false
2019-10-03 16:56:50,697 [INFO] BlockDiagram:1818 - stop enableDisableButtons
2019-10-03 16:56:52,705 [INFO] BlockDiagram:1818 - stop enableDisableButtons
2019-10-03 16:56:52,709 [INFO] ADCParametersView:101 -                Rank 1 : false
2019-10-03 16:56:52,710 [INFO] ADCParametersView:101 -                Rank 1 : false
2019-10-03 16:56:52,710 [INFO] ADCParametersView:101 -                Rank 1 : false
2019-10-03 16:56:52,711 [INFO] ADCParametersView:101 -                Rank 1 : false
2019-10-03 16:56:52,711 [INFO] ADCParametersView:101 -                Rank 1 : false
2019-10-03 16:56:52,711 [INFO] ADCParametersView:101 -                Rank 1 : false
2019-10-03 16:56:52,711 [INFO] ADCParametersView:101 -                Rank 1 : false
2019-10-03 16:56:52,712 [INFO] ADCParametersView:101 -                Rank 1 : false
2019-10-03 16:56:52,712 [INFO] ADCParametersView:101 -                Rank 1 : false
2019-10-03 16:56:52,712 [INFO] ADCParametersView:101 -                Rank 1 : false
2019-10-03 16:56:52,777 [INFO] ADCParametersView:101 -                Rank 1 : false
2019-10-03 16:56:52,826 [INFO] ADCParametersView:101 -                Rank 1 : false
2019-10-03 16:56:52,826 [INFO] ADCParametersView:101 -                Rank 1 : false
2019-10-03 16:56:52,827 [INFO] ADCParametersView:101 -                Rank 1 : false
2019-10-03 16:56:52,827 [INFO] ADCParametersView:101 -                Rank 1 : false
2019-10-03 16:56:52,827 [INFO] ADCParametersView:101 -                Rank 1 : false
2019-10-03 16:56:52,828 [INFO] ADCParametersView:101 -                Rank 1 : false
2019-10-03 16:56:52,828 [INFO] ADCParametersView:101 -                Rank 1 : false
2019-10-03 16:56:52,828 [INFO] ADCParametersView:101 -                Rank 1 : false
2019-10-03 16:56:52,828 [INFO] ADCParametersView:101 -                Rank 1 : false
2019-10-03 16:56:52,828 [INFO] ADCParametersView:101 -                Rank 1 : false
2019-10-03 16:56:52,861 [INFO] ADCParametersView:101 -                Rank 1 : false
2019-10-03 16:56:52,861 [INFO] ADCParametersView:101 -                Rank 1 : false
2019-10-03 16:56:52,863 [INFO] ADCParametersView:101 -                Rank 1 : false
2019-10-03 16:56:52,866 [INFO] ADCParametersView:101 -                Rank 1 : false
2019-10-03 16:56:52,868 [INFO] ADCParametersView:101 -                Rank 1 : false
2019-10-03 16:56:52,870 [INFO] ADCParametersView:101 -                Rank 1 : false
2019-10-03 16:56:52,874 [INFO] ADCParametersView:101 -                Rank 1 : false
2019-10-03 16:56:52,877 [INFO] ADCParametersView:101 -                Rank 1 : false
2019-10-03 16:56:52,879 [INFO] ADCParametersView:101 -                Rank 1 : false
2019-10-03 16:56:52,881 [INFO] ADCParametersView:101 -                Rank 1 : false
2019-10-03 16:56:52,882 [INFO] ADCParametersView:101 -                Rank 1 : false
2019-10-03 16:56:52,884 [INFO] ADCParametersView:101 -                Rank 1 : false
2019-10-03 16:56:52,884 [INFO] ADCParametersView:101 -                Rank 1 : true
2019-10-03 16:56:52,931 [INFO] LogOutputStream:76 - [STDOUT_REDIRECT] method name===============isUnderRootDefaultMode
2019-10-03 16:56:52,933 [INFO] LogOutputStream:76 - [STDOUT_REDIRECT] method name===============isUnderRootDefaultMode
2019-10-03 16:56:52,934 [INFO] LogOutputStream:76 - [STDOUT_REDIRECT] method name===============isUnderRootDefaultMode
2019-10-03 16:56:52,936 [INFO] LogOutputStream:76 - [STDOUT_REDIRECT] method name===============isRootSelectionSupported
2019-10-03 16:56:52,939 [INFO] LogOutputStream:76 - [STDOUT_REDIRECT] method name===============isRootSelectionSupported
2019-10-03 16:56:52,942 [INFO] LogOutputStream:76 - [STDOUT_REDIRECT] method name===============isUnderRootDefaultMode
2019-10-03 16:56:52,972 [INFO] BlockDiagram:1818 - stop enableDisableButtons
2019-10-03 16:56:52,976 [INFO] ADCParametersView:101 -                Rank 1 : true
2019-10-03 16:56:52,976 [INFO] ADCParametersView:101 -                Rank 1 : true
2019-10-03 16:56:52,977 [INFO] ADCParametersView:101 -                Rank 1 : true
2019-10-03 16:56:52,977 [INFO] ADCParametersView:101 -                Rank 1 : true
2019-10-03 16:56:52,978 [INFO] ADCParametersView:101 -                Rank 1 : true
2019-10-03 16:56:52,978 [INFO] ADCParametersView:101 -                Rank 1 : true
2019-10-03 16:56:52,978 [INFO] ADCParametersView:101 -                Rank 1 : true
2019-10-03 16:56:52,978 [INFO] ADCParametersView:101 -                Rank 1 : true
2019-10-03 16:56:52,979 [INFO] ADCParametersView:101 -                Rank 1 : true
2019-10-03 16:56:52,979 [INFO] ADCParametersView:101 -                Rank 1 : true
2019-10-03 16:56:52,979 [INFO] ADCParametersView:101 -                Rank 1 : true
2019-10-03 16:56:52,979 [INFO] ADCParametersView:101 -                Rank 1 : true
2019-10-03 16:56:52,980 [INFO] ADCParametersView:101 -                Rank 1 : true
2019-10-03 16:56:52,980 [INFO] ADCParametersView:101 -                Rank 1 : true
2019-10-03 16:56:52,980 [INFO] ADCParametersView:101 -                Rank 1 : true
2019-10-03 16:56:52,980 [INFO] ADCParametersView:101 -                Rank 1 : true
2019-10-03 16:56:52,981 [INFO] ADCParametersView:101 -                Rank 1 : true
2019-10-03 16:56:52,981 [INFO] ADCParametersView:101 -                Rank 1 : true
2019-10-03 16:56:52,981 [INFO] ADCParametersView:101 -                Rank 1 : true
2019-10-03 16:56:52,981 [INFO] ADCParametersView:101 -                Rank 1 : true
2019-10-03 16:56:52,981 [INFO] ADCParametersView:101 -                Rank 1 : true
2019-10-03 16:56:52,982 [INFO] ADCParametersView:101 -                Rank 1 : true
2019-10-03 16:56:52,982 [INFO] ADCParametersView:101 -                Rank 1 : true
2019-10-03 16:56:52,982 [INFO] ADCParametersView:101 -                Rank 1 : true
2019-10-03 16:56:52,982 [INFO] ADCParametersView:101 -                Rank 1 : true
2019-10-03 16:56:52,983 [INFO] ADCParametersView:101 -                Rank 1 : true
2019-10-03 16:56:52,983 [INFO] ADCParametersView:101 -                Rank 1 : true
2019-10-03 16:56:52,983 [INFO] ADCParametersView:101 -                Rank 1 : true
2019-10-03 16:56:52,983 [INFO] ADCParametersView:101 -                Rank 1 : true
2019-10-03 16:56:52,983 [INFO] ADCParametersView:101 -                Rank 1 : true
2019-10-03 16:56:52,984 [INFO] ADCParametersView:101 -                Rank 1 : true
2019-10-03 16:56:53,002 [INFO] ADCParametersView:101 -                Rank 1 : true
2019-10-03 16:56:53,038 [INFO] BlockDiagram:1818 - stop enableDisableButtons
2019-10-03 16:56:54,126 [INFO] BlockDiagram:1818 - stop enableDisableButtons
2019-10-03 16:56:54,128 [INFO] ADCParametersView:101 -                Rank 1 : true
2019-10-03 16:56:54,129 [INFO] ADCParametersView:101 -                Rank 1 : true
2019-10-03 16:56:54,129 [INFO] ADCParametersView:101 -                Rank 1 : true
2019-10-03 16:56:54,129 [INFO] ADCParametersView:101 -                Rank 1 : true
2019-10-03 16:56:54,130 [INFO] ADCParametersView:101 -                Rank 1 : true
2019-10-03 16:56:54,130 [INFO] ADCParametersView:101 -                Rank 1 : true
2019-10-03 16:56:54,130 [INFO] ADCParametersView:101 -                Rank 1 : true
2019-10-03 16:56:54,130 [INFO] ADCParametersView:101 -                Rank 1 : true
2019-10-03 16:56:54,131 [INFO] ADCParametersView:101 -                Rank 1 : true
2019-10-03 16:56:54,131 [INFO] ADCParametersView:101 -                Rank 1 : true
2019-10-03 16:56:54,192 [INFO] ADCParametersView:101 -                Rank 1 : true
2019-10-03 16:56:54,240 [INFO] ADCParametersView:101 -                Rank 1 : true
2019-10-03 16:56:54,241 [INFO] ADCParametersView:101 -                Rank 1 : true
2019-10-03 16:56:54,242 [INFO] ADCParametersView:101 -                Rank 1 : true
2019-10-03 16:56:54,243 [INFO] ADCParametersView:101 -                Rank 1 : true
2019-10-03 16:56:54,243 [INFO] ADCParametersView:101 -                Rank 1 : true
2019-10-03 16:56:54,243 [INFO] ADCParametersView:101 -                Rank 1 : true
2019-10-03 16:56:54,243 [INFO] ADCParametersView:101 -                Rank 1 : true
2019-10-03 16:56:54,244 [INFO] ADCParametersView:101 -                Rank 1 : true
2019-10-03 16:56:54,244 [INFO] ADCParametersView:101 -                Rank 1 : true
2019-10-03 16:56:54,244 [INFO] ADCParametersView:101 -                Rank 1 : true
2019-10-03 16:56:54,257 [INFO] ADCParametersView:101 -                Rank 1 : true
2019-10-03 16:56:54,258 [INFO] ADCParametersView:101 -                Rank 1 : true
2019-10-03 16:56:54,259 [INFO] ADCParametersView:101 -                Rank 1 : true
2019-10-03 16:56:54,261 [INFO] ADCParametersView:101 -                Rank 1 : true
2019-10-03 16:56:54,263 [INFO] ADCParametersView:101 -                Rank 1 : true
2019-10-03 16:56:54,265 [INFO] ADCParametersView:101 -                Rank 1 : true
2019-10-03 16:56:54,266 [INFO] ADCParametersView:101 -                Rank 1 : true
2019-10-03 16:56:54,268 [INFO] ADCParametersView:101 -                Rank 1 : true
2019-10-03 16:56:54,270 [INFO] ADCParametersView:101 -                Rank 1 : true
2019-10-03 16:56:54,272 [INFO] ADCParametersView:101 -                Rank 1 : true
2019-10-03 16:56:54,273 [INFO] ADCParametersView:101 -                Rank 1 : true
2019-10-03 16:56:54,273 [INFO] ADCParametersView:101 -                Rank 1 : true
2019-10-03 16:56:54,274 [INFO] ADCParametersView:101 -                Rank 1 : true
2019-10-03 16:56:54,331 [INFO] LogOutputStream:76 - [STDOUT_REDIRECT] method name===============isUnderRootDefaultMode
2019-10-03 16:56:54,333 [INFO] LogOutputStream:76 - [STDOUT_REDIRECT] method name===============isUnderRootDefaultMode
2019-10-03 16:56:54,335 [INFO] LogOutputStream:76 - [STDOUT_REDIRECT] method name===============isUnderRootDefaultMode
2019-10-03 16:56:54,337 [INFO] LogOutputStream:76 - [STDOUT_REDIRECT] method name===============isRootSelectionSupported
2019-10-03 16:56:54,339 [INFO] LogOutputStream:76 - [STDOUT_REDIRECT] method name===============isRootSelectionSupported
2019-10-03 16:56:54,341 [INFO] LogOutputStream:76 - [STDOUT_REDIRECT] method name===============isUnderRootDefaultMode
2019-10-03 16:56:54,361 [INFO] BlockDiagram:1818 - stop enableDisableButtons
2019-10-03 16:56:54,364 [INFO] ADCParametersView:101 -                Rank 1 : true
2019-10-03 16:56:54,364 [INFO] ADCParametersView:101 -                Rank 1 : true
2019-10-03 16:56:54,364 [INFO] ADCParametersView:101 -                Rank 1 : true
2019-10-03 16:56:54,365 [INFO] ADCParametersView:101 -                Rank 1 : true
2019-10-03 16:56:54,365 [INFO] ADCParametersView:101 -                Rank 1 : true
2019-10-03 16:56:54,365 [INFO] ADCParametersView:101 -                Rank 1 : true
2019-10-03 16:56:54,365 [INFO] ADCParametersView:101 -                Rank 1 : true
2019-10-03 16:56:54,365 [INFO] ADCParametersView:101 -                Rank 1 : true
2019-10-03 16:56:54,366 [INFO] ADCParametersView:101 -                Rank 1 : true
2019-10-03 16:56:54,366 [INFO] ADCParametersView:101 -                Rank 1 : true
2019-10-03 16:56:54,366 [INFO] ADCParametersView:101 -                Rank 1 : true
2019-10-03 16:56:54,366 [INFO] ADCParametersView:101 -                Rank 1 : true
2019-10-03 16:56:54,367 [INFO] ADCParametersView:101 -                Rank 1 : true
2019-10-03 16:56:54,367 [INFO] ADCParametersView:101 -                Rank 1 : true
2019-10-03 16:56:54,367 [INFO] ADCParametersView:101 -                Rank 1 : true
2019-10-03 16:56:54,368 [INFO] ADCParametersView:101 -                Rank 1 : true
2019-10-03 16:56:54,368 [INFO] ADCParametersView:101 -                Rank 1 : true
2019-10-03 16:56:54,368 [INFO] ADCParametersView:101 -                Rank 1 : true
2019-10-03 16:56:54,368 [INFO] ADCParametersView:101 -                Rank 1 : true
2019-10-03 16:56:54,369 [INFO] ADCParametersView:101 -                Rank 1 : true
2019-10-03 16:56:54,369 [INFO] ADCParametersView:101 -                Rank 1 : true
2019-10-03 16:56:54,370 [INFO] ADCParametersView:101 -                Rank 1 : true
2019-10-03 16:56:54,370 [INFO] ADCParametersView:101 -                Rank 1 : true
2019-10-03 16:56:54,370 [INFO] ADCParametersView:101 -                Rank 1 : true
2019-10-03 16:56:54,371 [INFO] ADCParametersView:101 -                Rank 1 : true
2019-10-03 16:56:54,371 [INFO] ADCParametersView:101 -                Rank 1 : true
2019-10-03 16:56:54,372 [INFO] ADCParametersView:101 -                Rank 1 : true
2019-10-03 16:56:54,373 [INFO] ADCParametersView:101 -                Rank 1 : true
2019-10-03 16:56:54,373 [INFO] ADCParametersView:101 -                Rank 1 : true
2019-10-03 16:56:54,374 [INFO] ADCParametersView:101 -                Rank 1 : true
2019-10-03 16:56:54,374 [INFO] ADCParametersView:101 -                Rank 1 : true
2019-10-03 16:56:54,402 [INFO] ADCParametersView:101 -                Rank 1 : true
2019-10-03 16:56:54,454 [INFO] BlockDiagram:1818 - stop enableDisableButtons
2019-10-03 16:56:58,253 [INFO] BlockDiagram:1818 - stop enableDisableButtons
2019-10-03 16:56:58,255 [INFO] ADCParametersView:101 -                Rank 1 : true
2019-10-03 16:56:58,264 [INFO] ADCParametersView:101 -                Rank 1 : true
2019-10-03 16:56:58,265 [INFO] ADCParametersView:101 -                Rank 1 : true
2019-10-03 16:56:58,265 [INFO] ADCParametersView:101 -                Rank 1 : true
2019-10-03 16:56:58,266 [INFO] ADCParametersView:101 -                Rank 1 : true
2019-10-03 16:56:58,267 [INFO] ADCParametersView:101 -                Rank 1 : true
2019-10-03 16:56:58,267 [INFO] ADCParametersView:101 -                Rank 1 : true
2019-10-03 16:56:58,268 [INFO] ADCParametersView:101 -                Rank 1 : true
2019-10-03 16:56:58,268 [INFO] ADCParametersView:101 -                Rank 1 : true
2019-10-03 16:56:58,269 [INFO] ADCParametersView:101 -                Rank 1 : true
2019-10-03 16:56:58,327 [INFO] ADCParametersView:101 -                Rank 1 : true
2019-10-03 16:56:58,387 [INFO] ADCParametersView:101 -                Rank 1 : true
2019-10-03 16:56:58,388 [INFO] ADCParametersView:101 -                Rank 1 : true
2019-10-03 16:56:58,388 [INFO] ADCParametersView:101 -                Rank 1 : true
2019-10-03 16:56:58,388 [INFO] ADCParametersView:101 -                Rank 1 : true
2019-10-03 16:56:58,389 [INFO] ADCParametersView:101 -                Rank 1 : true
2019-10-03 16:56:58,389 [INFO] ADCParametersView:101 -                Rank 1 : true
2019-10-03 16:56:58,390 [INFO] ADCParametersView:101 -                Rank 1 : true
2019-10-03 16:56:58,390 [INFO] ADCParametersView:101 -                Rank 1 : true
2019-10-03 16:56:58,391 [INFO] ADCParametersView:101 -                Rank 1 : true
2019-10-03 16:56:58,392 [INFO] ADCParametersView:101 -                Rank 1 : true
2019-10-03 16:56:58,408 [INFO] ADCParametersView:101 -                Rank 1 : true
2019-10-03 16:56:58,409 [INFO] ADCParametersView:101 -                Rank 1 : true
2019-10-03 16:56:58,411 [INFO] ADCParametersView:101 -                Rank 1 : true
2019-10-03 16:56:58,413 [INFO] ADCParametersView:101 -                Rank 1 : true
2019-10-03 16:56:58,416 [INFO] ADCParametersView:101 -                Rank 1 : true
2019-10-03 16:56:58,419 [INFO] ADCParametersView:101 -                Rank 1 : true
2019-10-03 16:56:58,421 [INFO] ADCParametersView:101 -                Rank 1 : true
2019-10-03 16:56:58,424 [INFO] ADCParametersView:101 -                Rank 1 : true
2019-10-03 16:56:58,427 [INFO] ADCParametersView:101 -                Rank 1 : true
2019-10-03 16:56:58,429 [INFO] ADCParametersView:101 -                Rank 1 : true
2019-10-03 16:56:58,430 [INFO] ADCParametersView:101 -                Rank 1 : true
2019-10-03 16:56:58,431 [INFO] ADCParametersView:101 -                Rank 1 : true
2019-10-03 16:56:58,431 [INFO] ADCParametersView:101 -                Rank 1 : true
2019-10-03 16:56:58,477 [INFO] LogOutputStream:76 - [STDOUT_REDIRECT] method name===============isUnderRootDefaultMode
2019-10-03 16:56:58,495 [INFO] LogOutputStream:76 - [STDOUT_REDIRECT] method name===============isUnderRootDefaultMode
2019-10-03 16:56:58,498 [INFO] LogOutputStream:76 - [STDOUT_REDIRECT] method name===============isUnderRootDefaultMode
2019-10-03 16:56:58,500 [INFO] LogOutputStream:76 - [STDOUT_REDIRECT] method name===============isRootSelectionSupported
2019-10-03 16:56:58,503 [INFO] LogOutputStream:76 - [STDOUT_REDIRECT] method name===============isRootSelectionSupported
2019-10-03 16:56:58,505 [INFO] LogOutputStream:76 - [STDOUT_REDIRECT] method name===============isUnderRootDefaultMode
2019-10-03 16:56:58,531 [INFO] BlockDiagram:1818 - stop enableDisableButtons
2019-10-03 16:56:58,534 [INFO] ADCParametersView:101 -                Rank 1 : true
2019-10-03 16:56:58,535 [INFO] ADCParametersView:101 -                Rank 1 : true
2019-10-03 16:56:58,535 [INFO] ADCParametersView:101 -                Rank 1 : true
2019-10-03 16:56:58,535 [INFO] ADCParametersView:101 -                Rank 1 : true
2019-10-03 16:56:58,536 [INFO] ADCParametersView:101 -                Rank 1 : true
2019-10-03 16:56:58,536 [INFO] ADCParametersView:101 -                Rank 1 : true
2019-10-03 16:56:58,536 [INFO] ADCParametersView:101 -                Rank 1 : true
2019-10-03 16:56:58,536 [INFO] ADCParametersView:101 -                Rank 1 : true
2019-10-03 16:56:58,537 [INFO] ADCParametersView:101 -                Rank 1 : true
2019-10-03 16:56:58,537 [INFO] ADCParametersView:101 -                Rank 1 : true
2019-10-03 16:56:58,538 [INFO] ADCParametersView:101 -                Rank 1 : true
2019-10-03 16:56:58,539 [INFO] ADCParametersView:101 -                Rank 1 : true
2019-10-03 16:56:58,540 [INFO] ADCParametersView:101 -                Rank 1 : true
2019-10-03 16:56:58,540 [INFO] ADCParametersView:101 -                Rank 1 : true
2019-10-03 16:56:58,541 [INFO] ADCParametersView:101 -                Rank 1 : true
2019-10-03 16:56:58,541 [INFO] ADCParametersView:101 -                Rank 1 : true
2019-10-03 16:56:58,542 [INFO] ADCParametersView:101 -                Rank 1 : true
2019-10-03 16:56:58,542 [INFO] ADCParametersView:101 -                Rank 1 : true
2019-10-03 16:56:58,543 [INFO] ADCParametersView:101 -                Rank 1 : true
2019-10-03 16:56:58,543 [INFO] ADCParametersView:101 -                Rank 1 : true
2019-10-03 16:56:58,543 [INFO] ADCParametersView:101 -                Rank 1 : true
2019-10-03 16:56:58,543 [INFO] ADCParametersView:101 -                Rank 1 : true
2019-10-03 16:56:58,544 [INFO] ADCParametersView:101 -                Rank 1 : true
2019-10-03 16:56:58,544 [INFO] ADCParametersView:101 -                Rank 1 : true
2019-10-03 16:56:58,544 [INFO] ADCParametersView:101 -                Rank 1 : true
2019-10-03 16:56:58,544 [INFO] ADCParametersView:101 -                Rank 1 : true
2019-10-03 16:56:58,545 [INFO] ADCParametersView:101 -                Rank 1 : true
2019-10-03 16:56:58,545 [INFO] ADCParametersView:101 -                Rank 1 : true
2019-10-03 16:56:58,545 [INFO] ADCParametersView:101 -                Rank 1 : true
2019-10-03 16:56:58,545 [INFO] ADCParametersView:101 -                Rank 1 : true
2019-10-03 16:56:58,545 [INFO] ADCParametersView:101 -                Rank 1 : true
2019-10-03 16:56:58,565 [INFO] ADCParametersView:101 -                Rank 1 : true
2019-10-03 16:56:58,621 [INFO] BlockDiagram:1818 - stop enableDisableButtons
2019-10-03 16:57:01,393 [INFO] LogOutputStream:76 - [STDOUT_REDIRECT] Tab changed to: Clock Configuration
2019-10-03 16:57:12,636 [INFO] UtilMem:74 - End SaveConfig() Used Memory: 595490400 Bytes (1073741824)
2019-10-03 16:57:12,641 [INFO] LogOutputStream:76 - [STDOUT_REDIRECT] method name===============isUnderRootDefaultMode
2019-10-03 16:57:12,642 [INFO] LogOutputStream:76 - [STDOUT_REDIRECT] method name===============isUnderRootDefaultMode
2019-10-03 16:57:12,644 [INFO] LogOutputStream:76 - [STDOUT_REDIRECT] method name===============isUnderRootDefaultMode
2019-10-03 16:57:12,645 [INFO] LogOutputStream:76 - [STDOUT_REDIRECT] method name===============isRootSelectionSupported
2019-10-03 16:57:12,648 [INFO] LogOutputStream:76 - [STDOUT_REDIRECT] method name===============isRootSelectionSupported
2019-10-03 16:57:12,651 [INFO] LogOutputStream:76 - [STDOUT_REDIRECT] method name===============isUnderRootDefaultMode
2019-10-03 16:57:14,674 [INFO] UtilMem:74 - End SaveConfig() Used Memory: 601940152 Bytes (1073741824)
2019-10-03 16:57:14,677 [INFO] LogOutputStream:76 - [STDOUT_REDIRECT] method name===============isUnderRootDefaultMode
2019-10-03 16:57:14,679 [INFO] LogOutputStream:76 - [STDOUT_REDIRECT] method name===============isUnderRootDefaultMode
2019-10-03 16:57:14,682 [INFO] LogOutputStream:76 - [STDOUT_REDIRECT] method name===============isUnderRootDefaultMode
2019-10-03 16:57:14,684 [INFO] LogOutputStream:76 - [STDOUT_REDIRECT] method name===============isRootSelectionSupported
2019-10-03 16:57:14,689 [INFO] LogOutputStream:76 - [STDOUT_REDIRECT] method name===============isRootSelectionSupported
2019-10-03 16:57:14,691 [INFO] LogOutputStream:76 - [STDOUT_REDIRECT] method name===============isUnderRootDefaultMode
2019-10-03 16:57:14,984 [INFO] BlockDiagram:1862 - set Specific Code input for plugin: NVIC
2019-10-03 16:57:14,984 [INFO] BlockDiagram:1862 - set Specific Code input for plugin: USART
2019-10-03 16:57:14,984 [INFO] BlockDiagram:1862 - set Specific Code input for plugin: SYS
2019-10-03 16:57:14,985 [INFO] BlockDiagram:1862 - set Specific Code input for plugin: ADC
2019-10-03 16:57:14,985 [INFO] BlockDiagram:1862 - set Specific Code input for plugin: I2C
2019-10-03 16:57:14,985 [INFO] CodeGenerator:583 - code generatio: config db path: C:\ST\STM32CubeIDE_1.0.0\STM32CubeIDE\plugins\com.st.stm32cube.common.mx_5.3.0.201907110903\\db\
2019-10-03 16:57:14,990 [WARN] IP:1918 - I2C_Coeff_DF not found: check if there is a RefParameter without a condition.
2019-10-03 16:57:14,990 [WARN] IP:1918 - Analog_Filter not found: check if there is a RefParameter without a condition.
2019-10-03 16:57:15,267 [INFO] CodeEngine:190 - oldGeneratedFile, E:\Personal\NODEJS\2. Friday\Hardwware\MCU_Code\Friday\MXTmpFiles\license.tmp_save
2019-10-03 16:57:15,418 [INFO] CodeEngine:208 - Generated code: E:\Personal\NODEJS\2. Friday\Hardwware\MCU_Code\Friday\MXTmpFiles\license.tmp
2019-10-03 16:57:15,514 [INFO] CodeEngine:190 - oldGeneratedFile, E:\Personal\NODEJS\2. Friday\Hardwware\MCU_Code\Friday\MXTmpFiles\gpio.tmp_save
2019-10-03 16:57:15,634 [INFO] CodeEngine:208 - Generated code: E:\Personal\NODEJS\2. Friday\Hardwware\MCU_Code\Friday\MXTmpFiles\gpio.tmp
2019-10-03 16:57:15,762 [ERROR] IPConfigManager:1260 - ERROR: the RefConfig I2C_Analogue is not available in your config.xml file
2019-10-03 16:57:15,763 [ERROR] IPConfigManager:1260 - ERROR: the RefConfig I2C_DigitalFolter is not available in your config.xml file
2019-10-03 16:57:15,837 [INFO] LogOutputStream:76 - [STDOUT_REDIRECT] Command line
2019-10-03 16:57:15,839 [INFO] LogOutputStream:76 - [STDOUT_REDIRECT] Debug : prepare data for ADC
2019-10-03 16:57:15,840 [INFO] LogOutputStream:76 - [STDOUT_REDIRECT] Command line test
2019-10-03 16:57:15,841 [INFO] LogOutputStream:76 - [STDOUT_REDIRECT] Command line
2019-10-03 16:57:15,843 [INFO] LogOutputStream:76 - [STDOUT_REDIRECT] Debug : prepare data for I2C
2019-10-03 16:57:15,844 [INFO] LogOutputStream:76 - [STDOUT_REDIRECT] Command line test
2019-10-03 16:57:15,845 [INFO] LogOutputStream:76 - [STDOUT_REDIRECT] Command line
2019-10-03 16:57:15,847 [INFO] LogOutputStream:76 - [STDOUT_REDIRECT] Debug : prepare data for SYS
2019-10-03 16:57:15,848 [INFO] LogOutputStream:76 - [STDOUT_REDIRECT] Command line test
2019-10-03 16:57:15,850 [INFO] LogOutputStream:76 - [STDOUT_REDIRECT] Command line
2019-10-03 16:57:15,851 [INFO] LogOutputStream:76 - [STDOUT_REDIRECT] Debug : prepare data for USART
2019-10-03 16:57:15,852 [INFO] LogOutputStream:76 - [STDOUT_REDIRECT] Command line test
2019-10-03 16:57:15,862 [INFO] LogOutputStream:76 - [STDOUT_REDIRECT] Debug : prepare data for NVIC
2019-10-03 16:57:15,862 [INFO] LogOutputStream:76 - [STDOUT_REDIRECT] Command line test
2019-10-03 16:57:15,885 [INFO] CodeEngine:190 - oldGeneratedFile, E:\Personal\NODEJS\2. Friday\Hardwware\MCU_Code\Friday\Src\stm32f1xx_it.c_save
2019-10-03 16:57:16,141 [INFO] CodeEngine:208 - Generated code: E:\Personal\NODEJS\2. Friday\Hardwware\MCU_Code\Friday\Src\stm32f1xx_it.c
2019-10-03 16:57:16,157 [INFO] CodeEngine:190 - oldGeneratedFile, E:\Personal\NODEJS\2. Friday\Hardwware\MCU_Code\Friday\Inc\stm32f1xx_it.h_save
2019-10-03 16:57:16,286 [INFO] CodeEngine:208 - Generated code: E:\Personal\NODEJS\2. Friday\Hardwware\MCU_Code\Friday\Inc\stm32f1xx_it.h
2019-10-03 16:57:16,299 [INFO] CodeEngine:190 - oldGeneratedFile, E:\Personal\NODEJS\2. Friday\Hardwware\MCU_Code\Friday\Src\stm32f1xx_hal_msp.c_save
2019-10-03 16:57:16,530 [INFO] CodeEngine:208 - Generated code: E:\Personal\NODEJS\2. Friday\Hardwware\MCU_Code\Friday\Src\stm32f1xx_hal_msp.c
2019-10-03 16:57:16,549 [INFO] CodeEngine:190 - oldGeneratedFile, E:\Personal\NODEJS\2. Friday\Hardwware\MCU_Code\Friday\MXTmpFiles\system.tmp_save
2019-10-03 16:57:16,681 [INFO] CodeEngine:208 - Generated code: E:\Personal\NODEJS\2. Friday\Hardwware\MCU_Code\Friday\MXTmpFiles\system.tmp
2019-10-03 16:57:16,701 [INFO] CodeEngine:190 - oldGeneratedFile, E:\Personal\NODEJS\2. Friday\Hardwware\MCU_Code\Friday\Inc\stm32f1xx_hal_conf.h_save
2019-10-03 16:57:16,868 [INFO] CodeEngine:208 - Generated code: E:\Personal\NODEJS\2. Friday\Hardwware\MCU_Code\Friday\Inc\stm32f1xx_hal_conf.h
2019-10-03 16:57:16,893 [WARN] IPConfigManager:2562 - IP not found : gpio
2019-10-03 16:57:16,894 [WARN] CodeGenerator:2617 - IP not found : gpio
2019-10-03 16:57:16,918 [INFO] CodeEngine:190 - oldGeneratedFile, E:\Personal\NODEJS\2. Friday\Hardwware\MCU_Code\Friday\Inc\main.h_save
2019-10-03 16:57:17,071 [INFO] CodeEngine:208 - Generated code: E:\Personal\NODEJS\2. Friday\Hardwware\MCU_Code\Friday\Inc\main.h
2019-10-03 16:57:17,117 [INFO] CodeEngine:190 - oldGeneratedFile, E:\Personal\NODEJS\2. Friday\Hardwware\MCU_Code\Friday\Src\main.c_save
2019-10-03 16:57:17,335 [INFO] CodeEngine:208 - Generated code: E:\Personal\NODEJS\2. Friday\Hardwware\MCU_Code\Friday\Src\main.c
2019-10-03 16:57:18,235 [INFO] ProjectBuilder:1570 - Time for Copy HAL[1] : 145mS.
2019-10-03 16:57:18,239 [INFO] ProjectBuilder:2138 - Project Generator version: 3.4.0
2019-10-03 16:57:18,618 [INFO] ConfigFileManager:879 - The Die is : DIE410
2019-10-03 16:57:18,626 [INFO] LogOutputStream:76 - [STDOUT_REDIRECT] configName ==Arm Cortex-M3
2019-10-03 16:57:18,760 [INFO] LogOutputStream:76 - [STDOUT_REDIRECT] memory ==name="RAM" access="xrw" start="0x20000000" size="20"
2019-10-03 16:57:18,762 [INFO] LogOutputStream:76 - [STDOUT_REDIRECT] memory ==name="FLASH" access="rx" start="0x8000000" size="64"
2019-10-03 16:57:18,946 [INFO] LogOutputStream:76 - [STDOUT_REDIRECT] namefile= STM32CubeIDE
2019-10-03 16:57:18,948 [INFO] LogOutputStream:76 - [STDOUT_REDIRECT] method name===============update
2019-10-03 16:57:22,082 [INFO] ProjectBuilder:2232 - Time for Generating toolchain IDE Files: 3843mS.
2019-10-03 16:57:22,082 [INFO] ProjectBuilder:1461 - Time for Copy CMSIS : 0mS.
2019-10-03 16:57:22,084 [INFO] ProjectBuilder:1461 - Time for Copy CMSIS : 0mS.
2019-10-03 16:57:25,257 [INFO] LogOutputStream:76 - [STDOUT_REDIRECT] Tab changed to: Pinout & Configuration
2019-10-03 16:57:30,010 [INFO] UtilMem:74 - End SaveConfig() Used Memory: 464280224 Bytes (1073741824)
2019-10-03 16:57:30,016 [INFO] LogOutputStream:76 - [STDOUT_REDIRECT] method name===============isUnderRootDefaultMode
2019-10-03 16:57:30,018 [INFO] LogOutputStream:76 - [STDOUT_REDIRECT] method name===============isUnderRootDefaultMode
2019-10-03 16:57:30,021 [INFO] LogOutputStream:76 - [STDOUT_REDIRECT] method name===============isUnderRootDefaultMode
2019-10-03 16:57:30,024 [INFO] LogOutputStream:76 - [STDOUT_REDIRECT] method name===============isRootSelectionSupported
2019-10-03 16:57:30,027 [INFO] LogOutputStream:76 - [STDOUT_REDIRECT] method name===============isRootSelectionSupported
2019-10-03 16:57:30,030 [INFO] LogOutputStream:76 - [STDOUT_REDIRECT] method name===============isUnderRootDefaultMode
2019-10-03 16:57:30,339 [INFO] BlockDiagram:1862 - set Specific Code input for plugin: NVIC
2019-10-03 16:57:30,339 [INFO] BlockDiagram:1862 - set Specific Code input for plugin: USART
2019-10-03 16:57:30,339 [INFO] BlockDiagram:1862 - set Specific Code input for plugin: SYS
2019-10-03 16:57:30,339 [INFO] BlockDiagram:1862 - set Specific Code input for plugin: ADC
2019-10-03 16:57:30,339 [INFO] BlockDiagram:1862 - set Specific Code input for plugin: I2C
2019-10-03 16:57:30,340 [INFO] CodeGenerator:583 - code generatio: config db path: C:\ST\STM32CubeIDE_1.0.0\STM32CubeIDE\plugins\com.st.stm32cube.common.mx_5.3.0.201907110903\\db\
2019-10-03 16:57:30,344 [WARN] IP:1918 - I2C_Coeff_DF not found: check if there is a RefParameter without a condition.
2019-10-03 16:57:30,344 [WARN] IP:1918 - Analog_Filter not found: check if there is a RefParameter without a condition.
2019-10-03 16:57:30,631 [INFO] CodeEngine:190 - oldGeneratedFile, E:\Personal\NODEJS\2. Friday\Hardwware\MCU_Code\Friday\MXTmpFiles\license.tmp_save
2019-10-03 16:57:30,710 [INFO] CodeEngine:208 - Generated code: E:\Personal\NODEJS\2. Friday\Hardwware\MCU_Code\Friday\MXTmpFiles\license.tmp
2019-10-03 16:57:30,730 [INFO] CodeEngine:190 - oldGeneratedFile, E:\Personal\NODEJS\2. Friday\Hardwware\MCU_Code\Friday\MXTmpFiles\gpio.tmp_save
2019-10-03 16:57:30,814 [INFO] CodeEngine:208 - Generated code: E:\Personal\NODEJS\2. Friday\Hardwware\MCU_Code\Friday\MXTmpFiles\gpio.tmp
2019-10-03 16:57:30,848 [ERROR] IPConfigManager:1260 - ERROR: the RefConfig I2C_Analogue is not available in your config.xml file
2019-10-03 16:57:30,849 [ERROR] IPConfigManager:1260 - ERROR: the RefConfig I2C_DigitalFolter is not available in your config.xml file
2019-10-03 16:57:30,902 [INFO] LogOutputStream:76 - [STDOUT_REDIRECT] Command line
2019-10-03 16:57:30,904 [INFO] LogOutputStream:76 - [STDOUT_REDIRECT] Debug : prepare data for ADC
2019-10-03 16:57:30,905 [INFO] LogOutputStream:76 - [STDOUT_REDIRECT] Command line test
2019-10-03 16:57:30,907 [INFO] LogOutputStream:76 - [STDOUT_REDIRECT] Command line
2019-10-03 16:57:30,909 [INFO] LogOutputStream:76 - [STDOUT_REDIRECT] Debug : prepare data for I2C
2019-10-03 16:57:30,910 [INFO] LogOutputStream:76 - [STDOUT_REDIRECT] Command line test
2019-10-03 16:57:30,912 [INFO] LogOutputStream:76 - [STDOUT_REDIRECT] Command line
2019-10-03 16:57:30,914 [INFO] LogOutputStream:76 - [STDOUT_REDIRECT] Debug : prepare data for SYS
2019-10-03 16:57:30,915 [INFO] LogOutputStream:76 - [STDOUT_REDIRECT] Command line test
2019-10-03 16:57:30,916 [INFO] LogOutputStream:76 - [STDOUT_REDIRECT] Command line
2019-10-03 16:57:30,918 [INFO] LogOutputStream:76 - [STDOUT_REDIRECT] Debug : prepare data for USART
2019-10-03 16:57:30,920 [INFO] LogOutputStream:76 - [STDOUT_REDIRECT] Command line test
2019-10-03 16:57:30,924 [INFO] LogOutputStream:76 - [STDOUT_REDIRECT] Debug : prepare data for NVIC
2019-10-03 16:57:30,925 [INFO] LogOutputStream:76 - [STDOUT_REDIRECT] Command line test
2019-10-03 16:57:30,988 [INFO] CodeEngine:190 - oldGeneratedFile, E:\Personal\NODEJS\2. Friday\Hardwware\MCU_Code\Friday\Src\stm32f1xx_it.c_save
2019-10-03 16:57:31,145 [INFO] CodeEngine:208 - Generated code: E:\Personal\NODEJS\2. Friday\Hardwware\MCU_Code\Friday\Src\stm32f1xx_it.c
2019-10-03 16:57:31,155 [INFO] CodeEngine:190 - oldGeneratedFile, E:\Personal\NODEJS\2. Friday\Hardwware\MCU_Code\Friday\Inc\stm32f1xx_it.h_save
2019-10-03 16:57:31,248 [INFO] CodeEngine:208 - Generated code: E:\Personal\NODEJS\2. Friday\Hardwware\MCU_Code\Friday\Inc\stm32f1xx_it.h
2019-10-03 16:57:31,263 [INFO] CodeEngine:190 - oldGeneratedFile, E:\Personal\NODEJS\2. Friday\Hardwware\MCU_Code\Friday\Src\stm32f1xx_hal_msp.c_save
2019-10-03 16:57:31,584 [INFO] CodeEngine:208 - Generated code: E:\Personal\NODEJS\2. Friday\Hardwware\MCU_Code\Friday\Src\stm32f1xx_hal_msp.c
2019-10-03 16:57:31,593 [INFO] CodeEngine:190 - oldGeneratedFile, E:\Personal\NODEJS\2. Friday\Hardwware\MCU_Code\Friday\MXTmpFiles\system.tmp_save
2019-10-03 16:57:31,708 [INFO] CodeEngine:208 - Generated code: E:\Personal\NODEJS\2. Friday\Hardwware\MCU_Code\Friday\MXTmpFiles\system.tmp
2019-10-03 16:57:31,735 [INFO] CodeEngine:190 - oldGeneratedFile, E:\Personal\NODEJS\2. Friday\Hardwware\MCU_Code\Friday\Inc\stm32f1xx_hal_conf.h_save
2019-10-03 16:57:31,908 [INFO] CodeEngine:208 - Generated code: E:\Personal\NODEJS\2. Friday\Hardwware\MCU_Code\Friday\Inc\stm32f1xx_hal_conf.h
2019-10-03 16:57:31,915 [WARN] IPConfigManager:2562 - IP not found : gpio
2019-10-03 16:57:31,916 [WARN] CodeGenerator:2617 - IP not found : gpio
2019-10-03 16:57:31,950 [INFO] CodeEngine:190 - oldGeneratedFile, E:\Personal\NODEJS\2. Friday\Hardwware\MCU_Code\Friday\Inc\main.h_save
2019-10-03 16:57:32,136 [INFO] CodeEngine:208 - Generated code: E:\Personal\NODEJS\2. Friday\Hardwware\MCU_Code\Friday\Inc\main.h
2019-10-03 16:57:32,161 [INFO] CodeEngine:190 - oldGeneratedFile, E:\Personal\NODEJS\2. Friday\Hardwware\MCU_Code\Friday\Src\main.c_save
2019-10-03 16:57:32,387 [INFO] CodeEngine:208 - Generated code: E:\Personal\NODEJS\2. Friday\Hardwware\MCU_Code\Friday\Src\main.c
2019-10-03 16:57:33,430 [INFO] ProjectBuilder:1570 - Time for Copy HAL[1] : 167mS.
2019-10-03 16:57:33,432 [INFO] ProjectBuilder:2138 - Project Generator version: 3.4.0
2019-10-03 16:57:33,893 [INFO] ConfigFileManager:879 - The Die is : DIE410
2019-10-03 16:57:33,899 [INFO] LogOutputStream:76 - [STDOUT_REDIRECT] configName ==Arm Cortex-M3
2019-10-03 16:57:34,150 [INFO] LogOutputStream:76 - [STDOUT_REDIRECT] memory ==name="RAM" access="xrw" start="0x20000000" size="20"
2019-10-03 16:57:34,153 [INFO] LogOutputStream:76 - [STDOUT_REDIRECT] memory ==name="FLASH" access="rx" start="0x8000000" size="64"
2019-10-03 16:57:34,412 [INFO] LogOutputStream:76 - [STDOUT_REDIRECT] namefile= STM32CubeIDE
2019-10-03 16:57:34,413 [INFO] LogOutputStream:76 - [STDOUT_REDIRECT] method name===============update
2019-10-03 16:57:35,282 [INFO] ProjectBuilder:2232 - Time for Generating toolchain IDE Files: 1850mS.
2019-10-03 16:57:35,282 [INFO] ProjectBuilder:1461 - Time for Copy CMSIS : 0mS.
2019-10-03 16:57:35,284 [INFO] ProjectBuilder:1461 - Time for Copy CMSIS : 0mS.
2019-10-03 16:58:31,067 [INFO] BlockDiagram:1818 - stop enableDisableButtons
